<?xml version="1.0" encoding="utf-8"?>
<test-run id="2" testcasecount="755" result="Skipped:Ignored" total="755" passed="738" failed="0" inconclusive="0" skipped="17" asserts="0" engine-version="3.5.0.0" clr-version="4.0.30319.42000" start-time="2020-06-13 18:29:35Z" end-time="2020-06-13 18:30:59Z" duration="83.4126575">
  <test-suite type="TestSuite" id="1890" name="Mirror" fullname="Mirror" runstate="Runnable" testcasecount="761" result="Skipped" label="Ignored" start-time="2020-06-13 18:29:35Z" end-time="2020-06-13 18:30:59Z" duration="83.412658" total="755" passed="738" failed="0" inconclusive="0" skipped="17" asserts="0">
    <properties />
    <reason>
      <message><![CDATA[One or more child tests were ignored]]></message>
    </reason>
    <test-suite type="Assembly" id="2767" name="Mirror.Tests.dll" fullname="/Users/qwerty/x/dev/project_Mirror/Repository/Library/ScriptAssemblies/Mirror.Tests.dll" runstate="Runnable" testcasecount="755" result="Skipped" label="Ignored" start-time="2020-06-13 18:29:35Z" end-time="2020-06-13 18:30:57Z" duration="81.114000" total="755" passed="738" failed="0" inconclusive="0" skipped="17" asserts="0">
      <properties>
        <property name="_PID" value="45223" />
        <property name="_APPDOMAIN" value="Unity Child Domain" />
      </properties>
      <reason>
        <message><![CDATA[One or more child tests were ignored]]></message>
      </reason>
      <test-suite type="TestSuite" id="2770" name="Mirror" fullname="Mirror" runstate="Runnable" testcasecount="738" result="Passed" start-time="2020-06-13 18:29:35Z" end-time="2020-06-13 18:30:55Z" duration="79.227985" total="738" passed="738" failed="0" inconclusive="0" skipped="0" asserts="0">
        <properties />
        <test-suite type="TestSuite" id="2773" name="Tests" fullname="Mirror.Tests" runstate="Runnable" testcasecount="561" result="Passed" start-time="2020-06-13 18:29:35Z" end-time="2020-06-13 18:29:46Z" duration="11.011821" total="561" passed="561" failed="0" inconclusive="0" skipped="0" asserts="0">
          <properties />
          <test-suite type="TestFixture" id="2116" name="ArraySegmentWriterTest" fullname="Mirror.Tests.ArraySegmentWriterTest" classname="Mirror.Tests.ArraySegmentWriterTest" runstate="Runnable" testcasecount="6" result="Passed" start-time="2020-06-13 18:29:35Z" end-time="2020-06-13 18:29:35Z" duration="0.051022" total="6" passed="6" failed="0" inconclusive="0" skipped="0" asserts="0">
            <properties />
            <test-case id="2117" name="TestEmptyByteArray" fullname="Mirror.Tests.ArraySegmentWriterTest.TestEmptyByteArray" methodname="TestEmptyByteArray" classname="Mirror.Tests.ArraySegmentWriterTest" runstate="Runnable" seed="923889518" result="Passed" start-time="2020-06-13 18:29:35Z" end-time="2020-06-13 18:29:35Z" duration="0.020681" asserts="0">
              <properties />
            </test-case>
            <test-case id="2120" name="TestEmptyIntArray" fullname="Mirror.Tests.ArraySegmentWriterTest.TestEmptyIntArray" methodname="TestEmptyIntArray" classname="Mirror.Tests.ArraySegmentWriterTest" runstate="Runnable" seed="712201460" result="Passed" start-time="2020-06-13 18:29:35Z" end-time="2020-06-13 18:29:35Z" duration="0.000951" asserts="0">
              <properties />
            </test-case>
            <test-case id="2118" name="TestNullByteArray" fullname="Mirror.Tests.ArraySegmentWriterTest.TestNullByteArray" methodname="TestNullByteArray" classname="Mirror.Tests.ArraySegmentWriterTest" runstate="Runnable" seed="792682676" result="Passed" start-time="2020-06-13 18:29:35Z" end-time="2020-06-13 18:29:35Z" duration="0.000447" asserts="0">
              <properties />
            </test-case>
            <test-case id="2121" name="TestNullIntArray" fullname="Mirror.Tests.ArraySegmentWriterTest.TestNullIntArray" methodname="TestNullIntArray" classname="Mirror.Tests.ArraySegmentWriterTest" runstate="Runnable" seed="785167347" result="Passed" start-time="2020-06-13 18:29:35Z" end-time="2020-06-13 18:29:35Z" duration="0.000354" asserts="0">
              <properties />
            </test-case>
            <test-case id="2119" name="TestSegmentByteArray" fullname="Mirror.Tests.ArraySegmentWriterTest.TestSegmentByteArray" methodname="TestSegmentByteArray" classname="Mirror.Tests.ArraySegmentWriterTest" runstate="Runnable" seed="1964110455" result="Passed" start-time="2020-06-13 18:29:35Z" end-time="2020-06-13 18:29:35Z" duration="0.002126" asserts="0">
              <properties />
            </test-case>
            <test-case id="2122" name="TestSegmentIntArray" fullname="Mirror.Tests.ArraySegmentWriterTest.TestSegmentIntArray" methodname="TestSegmentIntArray" classname="Mirror.Tests.ArraySegmentWriterTest" runstate="Runnable" seed="996016818" result="Passed" start-time="2020-06-13 18:29:35Z" end-time="2020-06-13 18:29:35Z" duration="0.001027" asserts="0">
              <properties />
            </test-case>
          </test-suite>
          <test-suite type="TestFixture" id="2123" name="ArrayWriterTest" fullname="Mirror.Tests.ArrayWriterTest" classname="Mirror.Tests.ArrayWriterTest" runstate="Runnable" testcasecount="6" result="Passed" start-time="2020-06-13 18:29:35Z" end-time="2020-06-13 18:29:36Z" duration="0.032085" total="6" passed="6" failed="0" inconclusive="0" skipped="0" asserts="0">
            <properties />
            <test-case id="2126" name="TestDataByteArray" fullname="Mirror.Tests.ArrayWriterTest.TestDataByteArray" methodname="TestDataByteArray" classname="Mirror.Tests.ArrayWriterTest" runstate="Runnable" seed="170317205" result="Passed" start-time="2020-06-13 18:29:36Z" end-time="2020-06-13 18:29:36Z" duration="0.001622" asserts="0">
              <properties />
            </test-case>
            <test-case id="2129" name="TestDataIntArray" fullname="Mirror.Tests.ArrayWriterTest.TestDataIntArray" methodname="TestDataIntArray" classname="Mirror.Tests.ArrayWriterTest" runstate="Runnable" seed="1266712722" result="Passed" start-time="2020-06-13 18:29:36Z" end-time="2020-06-13 18:29:36Z" duration="0.000681" asserts="0">
              <properties />
            </test-case>
            <test-case id="2125" name="TestEmptyByteArray" fullname="Mirror.Tests.ArrayWriterTest.TestEmptyByteArray" methodname="TestEmptyByteArray" classname="Mirror.Tests.ArrayWriterTest" runstate="Runnable" seed="1589294745" result="Passed" start-time="2020-06-13 18:29:36Z" end-time="2020-06-13 18:29:36Z" duration="0.000418" asserts="0">
              <properties />
            </test-case>
            <test-case id="2128" name="TestEmptyIntArray" fullname="Mirror.Tests.ArrayWriterTest.TestEmptyIntArray" methodname="TestEmptyIntArray" classname="Mirror.Tests.ArrayWriterTest" runstate="Runnable" seed="832334706" result="Passed" start-time="2020-06-13 18:29:36Z" end-time="2020-06-13 18:29:36Z" duration="0.000315" asserts="0">
              <properties />
            </test-case>
            <test-case id="2124" name="TestNullByterray" fullname="Mirror.Tests.ArrayWriterTest.TestNullByterray" methodname="TestNullByterray" classname="Mirror.Tests.ArrayWriterTest" runstate="Runnable" seed="1577104859" result="Passed" start-time="2020-06-13 18:29:36Z" end-time="2020-06-13 18:29:36Z" duration="0.000280" asserts="0">
              <properties />
            </test-case>
            <test-case id="2127" name="TestNullIntArray" fullname="Mirror.Tests.ArrayWriterTest.TestNullIntArray" methodname="TestNullIntArray" classname="Mirror.Tests.ArrayWriterTest" runstate="Runnable" seed="472591270" result="Passed" start-time="2020-06-13 18:29:36Z" end-time="2020-06-13 18:29:36Z" duration="0.000288" asserts="0">
              <properties />
            </test-case>
          </test-suite>
          <test-suite type="TestFixture" id="2130" name="BasicAuthenticatorTest" fullname="Mirror.Tests.BasicAuthenticatorTest" classname="Mirror.Tests.BasicAuthenticatorTest" runstate="Runnable" testcasecount="2" result="Passed" start-time="2020-06-13 18:29:36Z" end-time="2020-06-13 18:29:36Z" duration="0.011480" total="2" passed="2" failed="0" inconclusive="0" skipped="0" asserts="0">
            <properties />
            <test-case id="2131" name="AuthRequestMessageTest" fullname="Mirror.Tests.BasicAuthenticatorTest.AuthRequestMessageTest" methodname="AuthRequestMessageTest" classname="Mirror.Tests.BasicAuthenticatorTest" runstate="Runnable" seed="1776236361" result="Passed" start-time="2020-06-13 18:29:36Z" end-time="2020-06-13 18:29:36Z" duration="0.001354" asserts="0">
              <properties />
            </test-case>
            <test-case id="2132" name="AuthResponseMessageTest" fullname="Mirror.Tests.BasicAuthenticatorTest.AuthResponseMessageTest" methodname="AuthResponseMessageTest" classname="Mirror.Tests.BasicAuthenticatorTest" runstate="Runnable" seed="262366040" result="Passed" start-time="2020-06-13 18:29:36Z" end-time="2020-06-13 18:29:36Z" duration="0.000766" asserts="0">
              <properties />
            </test-case>
          </test-suite>
          <test-suite type="TestSuite" id="2776" name="ClientSceneTests" fullname="Mirror.Tests.ClientSceneTests" runstate="Runnable" testcasecount="88" result="Passed" start-time="2020-06-13 18:29:36Z" end-time="2020-06-13 18:29:37Z" duration="1.762155" total="88" passed="88" failed="0" inconclusive="0" skipped="0" asserts="0">
            <properties />
            <test-suite type="TestFixture" id="2625" name="ClientSceneTests_ClearSpawners" fullname="Mirror.Tests.ClientSceneTests.ClientSceneTests_ClearSpawners" classname="Mirror.Tests.ClientSceneTests.ClientSceneTests_ClearSpawners" runstate="Runnable" testcasecount="4" result="Passed" start-time="2020-06-13 18:29:36Z" end-time="2020-06-13 18:29:36Z" duration="0.066247" total="4" passed="4" failed="0" inconclusive="0" skipped="0" asserts="0">
              <properties />
              <test-case id="2629" name="ClearsAllDictionary" fullname="Mirror.Tests.ClientSceneTests.ClientSceneTests_ClearSpawners.ClearsAllDictionary" methodname="ClearsAllDictionary" classname="Mirror.Tests.ClientSceneTests.ClientSceneTests_ClearSpawners" runstate="Runnable" seed="847350952" result="Passed" start-time="2020-06-13 18:29:36Z" end-time="2020-06-13 18:29:36Z" duration="0.010037" asserts="0">
                <properties />
              </test-case>
              <test-case id="2626" name="RemovesAllPrefabsFromDictionary" fullname="Mirror.Tests.ClientSceneTests.ClientSceneTests_ClearSpawners.RemovesAllPrefabsFromDictionary" methodname="RemovesAllPrefabsFromDictionary" classname="Mirror.Tests.ClientSceneTests.ClientSceneTests_ClearSpawners" runstate="Runnable" seed="1453331041" result="Passed" start-time="2020-06-13 18:29:36Z" end-time="2020-06-13 18:29:36Z" duration="0.016784" asserts="0">
                <properties />
              </test-case>
              <test-case id="2627" name="RemovesAllSpawnHandlersFromDictionary" fullname="Mirror.Tests.ClientSceneTests.ClientSceneTests_ClearSpawners.RemovesAllSpawnHandlersFromDictionary" methodname="RemovesAllSpawnHandlersFromDictionary" classname="Mirror.Tests.ClientSceneTests.ClientSceneTests_ClearSpawners" runstate="Runnable" seed="1295644300" result="Passed" start-time="2020-06-13 18:29:36Z" end-time="2020-06-13 18:29:36Z" duration="0.014830" asserts="0">
                <properties />
              </test-case>
              <test-case id="2628" name="RemovesAllUnspawnHandlersFromDictionary" fullname="Mirror.Tests.ClientSceneTests.ClientSceneTests_ClearSpawners.RemovesAllUnspawnHandlersFromDictionary" methodname="RemovesAllUnspawnHandlersFromDictionary" classname="Mirror.Tests.ClientSceneTests.ClientSceneTests_ClearSpawners" runstate="Runnable" seed="1337945183" result="Passed" start-time="2020-06-13 18:29:36Z" end-time="2020-06-13 18:29:36Z" duration="0.016076" asserts="0">
                <properties />
              </test-case>
            </test-suite>
            <test-suite type="TestFixture" id="2630" name="ClientSceneTests_GetPrefab" fullname="Mirror.Tests.ClientSceneTests.ClientSceneTests_GetPrefab" classname="Mirror.Tests.ClientSceneTests.ClientSceneTests_GetPrefab" runstate="Runnable" testcasecount="5" result="Passed" start-time="2020-06-13 18:29:36Z" end-time="2020-06-13 18:29:36Z" duration="0.084612" total="5" passed="5" failed="0" inconclusive="0" skipped="0" asserts="0">
              <properties />
              <test-case id="2635" name="HasOutPrefabWithCorrectGuid" fullname="Mirror.Tests.ClientSceneTests.ClientSceneTests_GetPrefab.HasOutPrefabWithCorrectGuid" methodname="HasOutPrefabWithCorrectGuid" classname="Mirror.Tests.ClientSceneTests.ClientSceneTests_GetPrefab" runstate="Runnable" seed="1215898979" result="Passed" start-time="2020-06-13 18:29:36Z" end-time="2020-06-13 18:29:36Z" duration="0.010347" asserts="0">
                <properties />
              </test-case>
              <test-case id="2631" name="ReturnsFalseForEmptyGuid" fullname="Mirror.Tests.ClientSceneTests.ClientSceneTests_GetPrefab.ReturnsFalseForEmptyGuid" methodname="ReturnsFalseForEmptyGuid" classname="Mirror.Tests.ClientSceneTests.ClientSceneTests_GetPrefab" runstate="Runnable" seed="1922958230" result="Passed" start-time="2020-06-13 18:29:36Z" end-time="2020-06-13 18:29:36Z" duration="0.011389" asserts="0">
                <properties />
              </test-case>
              <test-case id="2633" name="ReturnsFalseForPrefabIsNull" fullname="Mirror.Tests.ClientSceneTests.ClientSceneTests_GetPrefab.ReturnsFalseForPrefabIsNull" methodname="ReturnsFalseForPrefabIsNull" classname="Mirror.Tests.ClientSceneTests.ClientSceneTests_GetPrefab" runstate="Runnable" seed="565535803" result="Passed" start-time="2020-06-13 18:29:36Z" end-time="2020-06-13 18:29:36Z" duration="0.011587" asserts="0">
                <properties />
              </test-case>
              <test-case id="2632" name="ReturnsFalseForPrefabNotFound" fullname="Mirror.Tests.ClientSceneTests.ClientSceneTests_GetPrefab.ReturnsFalseForPrefabNotFound" methodname="ReturnsFalseForPrefabNotFound" classname="Mirror.Tests.ClientSceneTests.ClientSceneTests_GetPrefab" runstate="Runnable" seed="118144445" result="Passed" start-time="2020-06-13 18:29:36Z" end-time="2020-06-13 18:29:36Z" duration="0.025964" asserts="0">
                <properties />
              </test-case>
              <test-case id="2634" name="ReturnsTrueWhenPrefabIsFound" fullname="Mirror.Tests.ClientSceneTests.ClientSceneTests_GetPrefab.ReturnsTrueWhenPrefabIsFound" methodname="ReturnsTrueWhenPrefabIsFound" classname="Mirror.Tests.ClientSceneTests.ClientSceneTests_GetPrefab" runstate="Runnable" seed="95215185" result="Passed" start-time="2020-06-13 18:29:36Z" end-time="2020-06-13 18:29:36Z" duration="0.014467" asserts="0">
                <properties />
              </test-case>
            </test-suite>
            <test-suite type="TestFixture" id="2636" name="ClientSceneTests_PrepareToSpawnSceneObjects" fullname="Mirror.Tests.ClientSceneTests.ClientSceneTests_PrepareToSpawnSceneObjects" classname="Mirror.Tests.ClientSceneTests.ClientSceneTests_PrepareToSpawnSceneObjects" runstate="Runnable" testcasecount="5" result="Passed" start-time="2020-06-13 18:29:36Z" end-time="2020-06-13 18:29:36Z" duration="0.101769" total="5" passed="5" failed="0" inconclusive="0" skipped="0" asserts="0">
              <properties />
              <test-case id="2637" name="AddsAllInactiveIdentitiesInSceneWithSceneIdToDictionary" fullname="Mirror.Tests.ClientSceneTests.ClientSceneTests_PrepareToSpawnSceneObjects.AddsAllInactiveIdentitiesInSceneWithSceneIdToDictionary" methodname="AddsAllInactiveIdentitiesInSceneWithSceneIdToDictionary" classname="Mirror.Tests.ClientSceneTests.ClientSceneTests_PrepareToSpawnSceneObjects" runstate="Runnable" seed="1886952365" result="Passed" start-time="2020-06-13 18:29:36Z" end-time="2020-06-13 18:29:36Z" duration="0.018388" asserts="0">
                <properties />
              </test-case>
              <test-case id="2640" name="AddsIdentitiesToDictionaryUsingSceneId" fullname="Mirror.Tests.ClientSceneTests.ClientSceneTests_PrepareToSpawnSceneObjects.AddsIdentitiesToDictionaryUsingSceneId" methodname="AddsIdentitiesToDictionaryUsingSceneId" classname="Mirror.Tests.ClientSceneTests.ClientSceneTests_PrepareToSpawnSceneObjects" runstate="Runnable" seed="964798748" result="Passed" start-time="2020-06-13 18:29:36Z" end-time="2020-06-13 18:29:36Z" duration="0.014046" asserts="0">
                <properties />
              </test-case>
              <test-case id="2641" name="ClearsExistingItemsFromDictionary" fullname="Mirror.Tests.ClientSceneTests.ClientSceneTests_PrepareToSpawnSceneObjects.ClearsExistingItemsFromDictionary" methodname="ClearsExistingItemsFromDictionary" classname="Mirror.Tests.ClientSceneTests.ClientSceneTests_PrepareToSpawnSceneObjects" runstate="Runnable" seed="234159655" result="Passed" start-time="2020-06-13 18:29:36Z" end-time="2020-06-13 18:29:36Z" duration="0.024458" asserts="0">
                <properties />
              </test-case>
              <test-case id="2638" name="DoesNotAddActiveObjectsToDictionary" fullname="Mirror.Tests.ClientSceneTests.ClientSceneTests_PrepareToSpawnSceneObjects.DoesNotAddActiveObjectsToDictionary" methodname="DoesNotAddActiveObjectsToDictionary" classname="Mirror.Tests.ClientSceneTests.ClientSceneTests_PrepareToSpawnSceneObjects" runstate="Runnable" seed="622939658" result="Passed" start-time="2020-06-13 18:29:36Z" end-time="2020-06-13 18:29:36Z" duration="0.015463" asserts="0">
                <properties />
              </test-case>
              <test-case id="2639" name="DoesNotAddObjectsWithNoSceneId" fullname="Mirror.Tests.ClientSceneTests.ClientSceneTests_PrepareToSpawnSceneObjects.DoesNotAddObjectsWithNoSceneId" methodname="DoesNotAddObjectsWithNoSceneId" classname="Mirror.Tests.ClientSceneTests.ClientSceneTests_PrepareToSpawnSceneObjects" runstate="Runnable" seed="1088385626" result="Passed" start-time="2020-06-13 18:29:36Z" end-time="2020-06-13 18:29:36Z" duration="0.016361" asserts="0">
                <properties />
              </test-case>
            </test-suite>
            <test-suite type="TestFixture" id="2642" name="ClientSceneTests_RegisterPrefab" fullname="Mirror.Tests.ClientSceneTests.ClientSceneTests_RegisterPrefab" classname="Mirror.Tests.ClientSceneTests.ClientSceneTests_RegisterPrefab" runstate="Runnable" testcasecount="51" result="Passed" start-time="2020-06-13 18:29:36Z" end-time="2020-06-13 18:29:37Z" duration="0.951897" total="51" passed="51" failed="0" inconclusive="0" skipped="0" asserts="0">
              <properties />
              <test-suite type="ParameterizedMethod" id="2705" name="CheckOverloadWithAssetId" fullname="Mirror.Tests.ClientSceneTests.ClientSceneTests_RegisterPrefab.CheckOverloadWithAssetId" classname="Mirror.Tests.ClientSceneTests_RegisterPrefabBase" runstate="Runnable" testcasecount="6" result="Passed" start-time="2020-06-13 18:29:36Z" end-time="2020-06-13 18:29:36Z" duration="0.087022" total="6" passed="6" failed="0" inconclusive="0" skipped="0" asserts="0">
                <properties />
                <test-case id="2699" name="CheckOverloadWithAssetId(Prefab,False)" fullname="Mirror.Tests.ClientSceneTests.ClientSceneTests_RegisterPrefab.CheckOverloadWithAssetId(Prefab,False)" methodname="CheckOverloadWithAssetId" classname="Mirror.Tests.ClientSceneTests_RegisterPrefabBase" runstate="Runnable" seed="459606258" result="Passed" start-time="2020-06-13 18:29:36Z" end-time="2020-06-13 18:29:36Z" duration="0.005629" asserts="0">
                  <properties />
                </test-case>
                <test-case id="2700" name="CheckOverloadWithAssetId(Prefab_NewAssetId,True)" fullname="Mirror.Tests.ClientSceneTests.ClientSceneTests_RegisterPrefab.CheckOverloadWithAssetId(Prefab_NewAssetId,True)" methodname="CheckOverloadWithAssetId" classname="Mirror.Tests.ClientSceneTests_RegisterPrefabBase" runstate="Runnable" seed="1630657072" result="Passed" start-time="2020-06-13 18:29:36Z" end-time="2020-06-13 18:29:36Z" duration="0.007295" asserts="0">
                  <properties />
                </test-case>
                <test-case id="2701" name="CheckOverloadWithAssetId(Prefab_SpawnDelegate,False)" fullname="Mirror.Tests.ClientSceneTests.ClientSceneTests_RegisterPrefab.CheckOverloadWithAssetId(Prefab_SpawnDelegate,False)" methodname="CheckOverloadWithAssetId" classname="Mirror.Tests.ClientSceneTests_RegisterPrefabBase" runstate="Runnable" seed="654194235" result="Passed" start-time="2020-06-13 18:29:36Z" end-time="2020-06-13 18:29:36Z" duration="0.014642" asserts="0">
                  <properties />
                </test-case>
                <test-case id="2702" name="CheckOverloadWithAssetId(Prefab_SpawnDelegate_NewAssetId,True)" fullname="Mirror.Tests.ClientSceneTests.ClientSceneTests_RegisterPrefab.CheckOverloadWithAssetId(Prefab_SpawnDelegate_NewAssetId,True)" methodname="CheckOverloadWithAssetId" classname="Mirror.Tests.ClientSceneTests_RegisterPrefabBase" runstate="Runnable" seed="549256594" result="Passed" start-time="2020-06-13 18:29:36Z" end-time="2020-06-13 18:29:36Z" duration="0.014646" asserts="0">
                  <properties />
                </test-case>
                <test-case id="2703" name="CheckOverloadWithAssetId(Prefab_SpawnHandlerDelegate,False)" fullname="Mirror.Tests.ClientSceneTests.ClientSceneTests_RegisterPrefab.CheckOverloadWithAssetId(Prefab_SpawnHandlerDelegate,False)" methodname="CheckOverloadWithAssetId" classname="Mirror.Tests.ClientSceneTests_RegisterPrefabBase" runstate="Runnable" seed="968311257" result="Passed" start-time="2020-06-13 18:29:36Z" end-time="2020-06-13 18:29:36Z" duration="0.014999" asserts="0">
                  <properties />
                </test-case>
                <test-case id="2704" name="CheckOverloadWithAssetId(Prefab_SpawnHandlerDelegate_NewAssetId,True)" fullname="Mirror.Tests.ClientSceneTests.ClientSceneTests_RegisterPrefab.CheckOverloadWithAssetId(Prefab_SpawnHandlerDelegate_NewAssetId,True)" methodname="CheckOverloadWithAssetId" classname="Mirror.Tests.ClientSceneTests_RegisterPrefabBase" runstate="Runnable" seed="1406964323" result="Passed" start-time="2020-06-13 18:29:36Z" end-time="2020-06-13 18:29:36Z" duration="0.015046" asserts="0">
                  <properties />
                </test-case>
              </test-suite>
              <test-suite type="ParameterizedMethod" id="2712" name="CheckOverloadWithHandler" fullname="Mirror.Tests.ClientSceneTests.ClientSceneTests_RegisterPrefab.CheckOverloadWithHandler" classname="Mirror.Tests.ClientSceneTests_RegisterPrefabBase" runstate="Runnable" testcasecount="6" result="Passed" start-time="2020-06-13 18:29:36Z" end-time="2020-06-13 18:29:36Z" duration="0.107996" total="6" passed="6" failed="0" inconclusive="0" skipped="0" asserts="0">
                <properties />
                <test-case id="2706" name="CheckOverloadWithHandler(Prefab,False)" fullname="Mirror.Tests.ClientSceneTests.ClientSceneTests_RegisterPrefab.CheckOverloadWithHandler(Prefab,False)" methodname="CheckOverloadWithHandler" classname="Mirror.Tests.ClientSceneTests_RegisterPrefabBase" runstate="Runnable" seed="1825650322" result="Passed" start-time="2020-06-13 18:29:36Z" end-time="2020-06-13 18:29:36Z" duration="0.014447" asserts="0">
                  <properties />
                </test-case>
                <test-case id="2707" name="CheckOverloadWithHandler(Prefab_NewAssetId,False)" fullname="Mirror.Tests.ClientSceneTests.ClientSceneTests_RegisterPrefab.CheckOverloadWithHandler(Prefab_NewAssetId,False)" methodname="CheckOverloadWithHandler" classname="Mirror.Tests.ClientSceneTests_RegisterPrefabBase" runstate="Runnable" seed="567018141" result="Passed" start-time="2020-06-13 18:29:36Z" end-time="2020-06-13 18:29:36Z" duration="0.014370" asserts="0">
                  <properties />
                </test-case>
                <test-case id="2708" name="CheckOverloadWithHandler(Prefab_SpawnDelegate,True)" fullname="Mirror.Tests.ClientSceneTests.ClientSceneTests_RegisterPrefab.CheckOverloadWithHandler(Prefab_SpawnDelegate,True)" methodname="CheckOverloadWithHandler" classname="Mirror.Tests.ClientSceneTests_RegisterPrefabBase" runstate="Runnable" seed="1339902711" result="Passed" start-time="2020-06-13 18:29:36Z" end-time="2020-06-13 18:29:36Z" duration="0.015395" asserts="0">
                  <properties />
                </test-case>
                <test-case id="2709" name="CheckOverloadWithHandler(Prefab_SpawnDelegate_NewAssetId,True)" fullname="Mirror.Tests.ClientSceneTests.ClientSceneTests_RegisterPrefab.CheckOverloadWithHandler(Prefab_SpawnDelegate_NewAssetId,True)" methodname="CheckOverloadWithHandler" classname="Mirror.Tests.ClientSceneTests_RegisterPrefabBase" runstate="Runnable" seed="1712928050" result="Passed" start-time="2020-06-13 18:29:36Z" end-time="2020-06-13 18:29:36Z" duration="0.016317" asserts="0">
                  <properties />
                </test-case>
                <test-case id="2710" name="CheckOverloadWithHandler(Prefab_SpawnHandlerDelegate,True)" fullname="Mirror.Tests.ClientSceneTests.ClientSceneTests_RegisterPrefab.CheckOverloadWithHandler(Prefab_SpawnHandlerDelegate,True)" methodname="CheckOverloadWithHandler" classname="Mirror.Tests.ClientSceneTests_RegisterPrefabBase" runstate="Runnable" seed="1912594365" result="Passed" start-time="2020-06-13 18:29:36Z" end-time="2020-06-13 18:29:36Z" duration="0.015514" asserts="0">
                  <properties />
                </test-case>
                <test-case id="2711" name="CheckOverloadWithHandler(Prefab_SpawnHandlerDelegate_NewAssetId,True)" fullname="Mirror.Tests.ClientSceneTests.ClientSceneTests_RegisterPrefab.CheckOverloadWithHandler(Prefab_SpawnHandlerDelegate_NewAssetId,True)" methodname="CheckOverloadWithHandler" classname="Mirror.Tests.ClientSceneTests_RegisterPrefabBase" runstate="Runnable" seed="393368580" result="Passed" start-time="2020-06-13 18:29:36Z" end-time="2020-06-13 18:29:36Z" duration="0.015267" asserts="0">
                  <properties />
                </test-case>
              </test-suite>
              <test-suite type="ParameterizedMethod" id="2656" name="ErrorForNullPrefab" fullname="Mirror.Tests.ClientSceneTests.ClientSceneTests_RegisterPrefab.ErrorForNullPrefab" classname="Mirror.Tests.ClientSceneTests.ClientSceneTests_RegisterPrefab" runstate="Runnable" testcasecount="6" result="Passed" start-time="2020-06-13 18:29:36Z" end-time="2020-06-13 18:29:36Z" duration="0.105534" total="6" passed="6" failed="0" inconclusive="0" skipped="0" asserts="0">
                <properties />
                <test-case id="2650" name="ErrorForNullPrefab(Prefab)" fullname="Mirror.Tests.ClientSceneTests.ClientSceneTests_RegisterPrefab.ErrorForNullPrefab(Prefab)" methodname="ErrorForNullPrefab" classname="Mirror.Tests.ClientSceneTests.ClientSceneTests_RegisterPrefab" runstate="Runnable" seed="1921394304" result="Passed" start-time="2020-06-13 18:29:36Z" end-time="2020-06-13 18:29:36Z" duration="0.014534" asserts="0">
                  <properties />
                  <output><![CDATA[Could not register prefab because it was null
]]></output>
                </test-case>
                <test-case id="2651" name="ErrorForNullPrefab(Prefab_NewAssetId)" fullname="Mirror.Tests.ClientSceneTests.ClientSceneTests_RegisterPrefab.ErrorForNullPrefab(Prefab_NewAssetId)" methodname="ErrorForNullPrefab" classname="Mirror.Tests.ClientSceneTests.ClientSceneTests_RegisterPrefab" runstate="Runnable" seed="668541927" result="Passed" start-time="2020-06-13 18:29:36Z" end-time="2020-06-13 18:29:36Z" duration="0.018117" asserts="0">
                  <properties />
                  <output><![CDATA[Could not register prefab because it was null
]]></output>
                </test-case>
                <test-case id="2652" name="ErrorForNullPrefab(Prefab_SpawnDelegate)" fullname="Mirror.Tests.ClientSceneTests.ClientSceneTests_RegisterPrefab.ErrorForNullPrefab(Prefab_SpawnDelegate)" methodname="ErrorForNullPrefab" classname="Mirror.Tests.ClientSceneTests.ClientSceneTests_RegisterPrefab" runstate="Runnable" seed="490132128" result="Passed" start-time="2020-06-13 18:29:36Z" end-time="2020-06-13 18:29:36Z" duration="0.014111" asserts="0">
                  <properties />
                  <output><![CDATA[Could not register handler for prefab because the prefab was null
]]></output>
                </test-case>
                <test-case id="2653" name="ErrorForNullPrefab(Prefab_SpawnDelegate_NewAssetId)" fullname="Mirror.Tests.ClientSceneTests.ClientSceneTests_RegisterPrefab.ErrorForNullPrefab(Prefab_SpawnDelegate_NewAssetId)" methodname="ErrorForNullPrefab" classname="Mirror.Tests.ClientSceneTests.ClientSceneTests_RegisterPrefab" runstate="Runnable" seed="607355885" result="Passed" start-time="2020-06-13 18:29:36Z" end-time="2020-06-13 18:29:36Z" duration="0.014994" asserts="0">
                  <properties />
                  <output><![CDATA[Could not register handler for prefab because the prefab was null
]]></output>
                </test-case>
                <test-case id="2654" name="ErrorForNullPrefab(Prefab_SpawnHandlerDelegate)" fullname="Mirror.Tests.ClientSceneTests.ClientSceneTests_RegisterPrefab.ErrorForNullPrefab(Prefab_SpawnHandlerDelegate)" methodname="ErrorForNullPrefab" classname="Mirror.Tests.ClientSceneTests.ClientSceneTests_RegisterPrefab" runstate="Runnable" seed="860904260" result="Passed" start-time="2020-06-13 18:29:36Z" end-time="2020-06-13 18:29:36Z" duration="0.016792" asserts="0">
                  <properties />
                  <output><![CDATA[Could not register handler for prefab because the prefab was null
]]></output>
                </test-case>
                <test-case id="2655" name="ErrorForNullPrefab(Prefab_SpawnHandlerDelegate_NewAssetId)" fullname="Mirror.Tests.ClientSceneTests.ClientSceneTests_RegisterPrefab.ErrorForNullPrefab(Prefab_SpawnHandlerDelegate_NewAssetId)" methodname="ErrorForNullPrefab" classname="Mirror.Tests.ClientSceneTests.ClientSceneTests_RegisterPrefab" runstate="Runnable" seed="1839148920" result="Passed" start-time="2020-06-13 18:29:36Z" end-time="2020-06-13 18:29:36Z" duration="0.014152" asserts="0">
                  <properties />
                  <output><![CDATA[Could not register handler for prefab because the prefab was null
]]></output>
                </test-case>
              </test-suite>
              <test-suite type="ParameterizedMethod" id="2663" name="ErrorForPrefabWithoutNetworkIdentity" fullname="Mirror.Tests.ClientSceneTests.ClientSceneTests_RegisterPrefab.ErrorForPrefabWithoutNetworkIdentity" classname="Mirror.Tests.ClientSceneTests.ClientSceneTests_RegisterPrefab" runstate="Runnable" testcasecount="6" result="Passed" start-time="2020-06-13 18:29:36Z" end-time="2020-06-13 18:29:36Z" duration="0.091401" total="6" passed="6" failed="0" inconclusive="0" skipped="0" asserts="0">
                <properties />
                <test-case id="2657" name="ErrorForPrefabWithoutNetworkIdentity(Prefab)" fullname="Mirror.Tests.ClientSceneTests.ClientSceneTests_RegisterPrefab.ErrorForPrefabWithoutNetworkIdentity(Prefab)" methodname="ErrorForPrefabWithoutNetworkIdentity" classname="Mirror.Tests.ClientSceneTests.ClientSceneTests_RegisterPrefab" runstate="Runnable" seed="838453791" result="Passed" start-time="2020-06-13 18:29:36Z" end-time="2020-06-13 18:29:36Z" duration="0.009707" asserts="0">
                  <properties />
                  <output><![CDATA[Could not register 'invalidPrefabForClientScene' since it contains no NetworkIdentity component
]]></output>
                </test-case>
                <test-case id="2658" name="ErrorForPrefabWithoutNetworkIdentity(Prefab_NewAssetId)" fullname="Mirror.Tests.ClientSceneTests.ClientSceneTests_RegisterPrefab.ErrorForPrefabWithoutNetworkIdentity(Prefab_NewAssetId)" methodname="ErrorForPrefabWithoutNetworkIdentity" classname="Mirror.Tests.ClientSceneTests.ClientSceneTests_RegisterPrefab" runstate="Runnable" seed="910346061" result="Passed" start-time="2020-06-13 18:29:36Z" end-time="2020-06-13 18:29:36Z" duration="0.011306" asserts="0">
                  <properties />
                  <output><![CDATA[Could not register 'invalidPrefabForClientScene' since it contains no NetworkIdentity component
]]></output>
                </test-case>
                <test-case id="2659" name="ErrorForPrefabWithoutNetworkIdentity(Prefab_SpawnDelegate)" fullname="Mirror.Tests.ClientSceneTests.ClientSceneTests_RegisterPrefab.ErrorForPrefabWithoutNetworkIdentity(Prefab_SpawnDelegate)" methodname="ErrorForPrefabWithoutNetworkIdentity" classname="Mirror.Tests.ClientSceneTests.ClientSceneTests_RegisterPrefab" runstate="Runnable" seed="1768476895" result="Passed" start-time="2020-06-13 18:29:36Z" end-time="2020-06-13 18:29:36Z" duration="0.010890" asserts="0">
                  <properties />
                  <output><![CDATA[Could not register handler for 'invalidPrefabForClientScene' since it contains no NetworkIdentity component
]]></output>
                </test-case>
                <test-case id="2660" name="ErrorForPrefabWithoutNetworkIdentity(Prefab_SpawnDelegate_NewAssetId)" fullname="Mirror.Tests.ClientSceneTests.ClientSceneTests_RegisterPrefab.ErrorForPrefabWithoutNetworkIdentity(Prefab_SpawnDelegate_NewAssetId)" methodname="ErrorForPrefabWithoutNetworkIdentity" classname="Mirror.Tests.ClientSceneTests.ClientSceneTests_RegisterPrefab" runstate="Runnable" seed="454654013" result="Passed" start-time="2020-06-13 18:29:36Z" end-time="2020-06-13 18:29:36Z" duration="0.010877" asserts="0">
                  <properties />
                  <output><![CDATA[Could not register handler for 'invalidPrefabForClientScene' since it contains no NetworkIdentity component
]]></output>
                </test-case>
                <test-case id="2661" name="ErrorForPrefabWithoutNetworkIdentity(Prefab_SpawnHandlerDelegate)" fullname="Mirror.Tests.ClientSceneTests.ClientSceneTests_RegisterPrefab.ErrorForPrefabWithoutNetworkIdentity(Prefab_SpawnHandlerDelegate)" methodname="ErrorForPrefabWithoutNetworkIdentity" classname="Mirror.Tests.ClientSceneTests.ClientSceneTests_RegisterPrefab" runstate="Runnable" seed="1374669211" result="Passed" start-time="2020-06-13 18:29:36Z" end-time="2020-06-13 18:29:36Z" duration="0.010451" asserts="0">
                  <properties />
                  <output><![CDATA[Could not register handler for 'invalidPrefabForClientScene' since it contains no NetworkIdentity component
]]></output>
                </test-case>
                <test-case id="2662" name="ErrorForPrefabWithoutNetworkIdentity(Prefab_SpawnHandlerDelegate_NewAssetId)" fullname="Mirror.Tests.ClientSceneTests.ClientSceneTests_RegisterPrefab.ErrorForPrefabWithoutNetworkIdentity(Prefab_SpawnHandlerDelegate_NewAssetId)" methodname="ErrorForPrefabWithoutNetworkIdentity" classname="Mirror.Tests.ClientSceneTests.ClientSceneTests_RegisterPrefab" runstate="Runnable" seed="410320074" result="Passed" start-time="2020-06-13 18:29:36Z" end-time="2020-06-13 18:29:36Z" duration="0.012601" asserts="0">
                  <properties />
                  <output><![CDATA[Could not register handler for 'invalidPrefabForClientScene' since it contains no NetworkIdentity component
]]></output>
                </test-case>
              </test-suite>
              <test-suite type="ParameterizedMethod" id="2671" name="ErrorIfPrefabHadSceneId" fullname="Mirror.Tests.ClientSceneTests.ClientSceneTests_RegisterPrefab.ErrorIfPrefabHadSceneId" classname="Mirror.Tests.ClientSceneTests.ClientSceneTests_RegisterPrefab" runstate="Runnable" testcasecount="3" result="Passed" start-time="2020-06-13 18:29:36Z" end-time="2020-06-13 18:29:36Z" duration="0.054468" total="3" passed="3" failed="0" inconclusive="0" skipped="0" asserts="0">
                <properties />
                <test-case id="2668" name="ErrorIfPrefabHadSceneId(Prefab)" fullname="Mirror.Tests.ClientSceneTests.ClientSceneTests_RegisterPrefab.ErrorIfPrefabHadSceneId(Prefab)" methodname="ErrorIfPrefabHadSceneId" classname="Mirror.Tests.ClientSceneTests.ClientSceneTests_RegisterPrefab" runstate="Runnable" seed="1103021309" result="Passed" start-time="2020-06-13 18:29:36Z" end-time="2020-06-13 18:29:36Z" duration="0.010129" asserts="0">
                  <properties />
                  <output><![CDATA[Can not Register 'ValidPrefabForClientScene(Clone)' because it has a sceneId, make sure you are passing in the original prefab and not an instance in the scene.
]]></output>
                </test-case>
                <test-case id="2669" name="ErrorIfPrefabHadSceneId(Prefab_SpawnDelegate)" fullname="Mirror.Tests.ClientSceneTests.ClientSceneTests_RegisterPrefab.ErrorIfPrefabHadSceneId(Prefab_SpawnDelegate)" methodname="ErrorIfPrefabHadSceneId" classname="Mirror.Tests.ClientSceneTests.ClientSceneTests_RegisterPrefab" runstate="Runnable" seed="715942929" result="Passed" start-time="2020-06-13 18:29:36Z" end-time="2020-06-13 18:29:36Z" duration="0.019444" asserts="0">
                  <properties />
                  <output><![CDATA[Can not Register 'ValidPrefabForClientScene(Clone)' because it has a sceneId, make sure you are passing in the original prefab and not an instance in the scene.
]]></output>
                </test-case>
                <test-case id="2670" name="ErrorIfPrefabHadSceneId(Prefab_SpawnHandlerDelegate)" fullname="Mirror.Tests.ClientSceneTests.ClientSceneTests_RegisterPrefab.ErrorIfPrefabHadSceneId(Prefab_SpawnHandlerDelegate)" methodname="ErrorIfPrefabHadSceneId" classname="Mirror.Tests.ClientSceneTests.ClientSceneTests_RegisterPrefab" runstate="Runnable" seed="1054252878" result="Passed" start-time="2020-06-13 18:29:36Z" end-time="2020-06-13 18:29:36Z" duration="0.013644" asserts="0">
                  <properties />
                  <output><![CDATA[Can not Register 'ValidPrefabForClientScene(Clone)' because it has a sceneId, make sure you are passing in the original prefab and not an instance in the scene.
]]></output>
                </test-case>
              </test-suite>
              <test-suite type="ParameterizedMethod" id="2680" name="Handler_ErrorForAssetIdAlreadyExistingInPrefabsDictionary" fullname="Mirror.Tests.ClientSceneTests.ClientSceneTests_RegisterPrefab.Handler_ErrorForAssetIdAlreadyExistingInPrefabsDictionary" classname="Mirror.Tests.ClientSceneTests.ClientSceneTests_RegisterPrefab" runstate="Runnable" testcasecount="2" result="Passed" start-time="2020-06-13 18:29:36Z" end-time="2020-06-13 18:29:36Z" duration="0.038360" total="2" passed="2" failed="0" inconclusive="0" skipped="0" asserts="0">
                <properties />
                <test-case id="2678" name="Handler_ErrorForAssetIdAlreadyExistingInPrefabsDictionary(Prefab_SpawnDelegate)" fullname="Mirror.Tests.ClientSceneTests.ClientSceneTests_RegisterPrefab.Handler_ErrorForAssetIdAlreadyExistingInPrefabsDictionary(Prefab_SpawnDelegate)" methodname="Handler_ErrorForAssetIdAlreadyExistingInPrefabsDictionary" classname="Mirror.Tests.ClientSceneTests.ClientSceneTests_RegisterPrefab" runstate="Runnable" seed="562951297" result="Passed" start-time="2020-06-13 18:29:36Z" end-time="2020-06-13 18:29:36Z" duration="0.010599" asserts="0">
                  <properties />
                  <output><![CDATA[assetId '33169286-da03-13d4-5ab5-bfccc6cf3775' is already used by prefab 'ValidPrefabForClientScene', unregister the prefab first before trying to add handler
]]></output>
                </test-case>
                <test-case id="2679" name="Handler_ErrorForAssetIdAlreadyExistingInPrefabsDictionary(Prefab_SpawnHandlerDelegate)" fullname="Mirror.Tests.ClientSceneTests.ClientSceneTests_RegisterPrefab.Handler_ErrorForAssetIdAlreadyExistingInPrefabsDictionary(Prefab_SpawnHandlerDelegate)" methodname="Handler_ErrorForAssetIdAlreadyExistingInPrefabsDictionary" classname="Mirror.Tests.ClientSceneTests.ClientSceneTests_RegisterPrefab" runstate="Runnable" seed="1979439245" result="Passed" start-time="2020-06-13 18:29:36Z" end-time="2020-06-13 18:29:36Z" duration="0.010115" asserts="0">
                  <properties />
                  <output><![CDATA[assetId '33169286-da03-13d4-5ab5-bfccc6cf3775' is already used by prefab 'ValidPrefabForClientScene', unregister the prefab first before trying to add handler
]]></output>
                </test-case>
              </test-suite>
              <test-suite type="ParameterizedMethod" id="2698" name="Handler_ErrorWhenUnSpawnHandlerIsNull" fullname="Mirror.Tests.ClientSceneTests.ClientSceneTests_RegisterPrefab.Handler_ErrorWhenUnSpawnHandlerIsNull" classname="Mirror.Tests.ClientSceneTests.ClientSceneTests_RegisterPrefab" runstate="Runnable" testcasecount="2" result="Passed" start-time="2020-06-13 18:29:36Z" end-time="2020-06-13 18:29:36Z" duration="0.034810" total="2" passed="2" failed="0" inconclusive="0" skipped="0" asserts="0">
                <properties />
                <test-case id="2696" name="Handler_ErrorWhenUnSpawnHandlerIsNull(Prefab_SpawnDelegate)" fullname="Mirror.Tests.ClientSceneTests.ClientSceneTests_RegisterPrefab.Handler_ErrorWhenUnSpawnHandlerIsNull(Prefab_SpawnDelegate)" methodname="Handler_ErrorWhenUnSpawnHandlerIsNull" classname="Mirror.Tests.ClientSceneTests.ClientSceneTests_RegisterPrefab" runstate="Runnable" seed="2060312052" result="Passed" start-time="2020-06-13 18:29:36Z" end-time="2020-06-13 18:29:36Z" duration="0.006552" asserts="0">
                  <properties />
                  <output><![CDATA[Can not Register null UnSpawnHandler for 33169286-da03-13d4-5ab5-bfccc6cf3775
]]></output>
                </test-case>
                <test-case id="2697" name="Handler_ErrorWhenUnSpawnHandlerIsNull(Prefab_SpawnHandlerDelegate)" fullname="Mirror.Tests.ClientSceneTests.ClientSceneTests_RegisterPrefab.Handler_ErrorWhenUnSpawnHandlerIsNull(Prefab_SpawnHandlerDelegate)" methodname="Handler_ErrorWhenUnSpawnHandlerIsNull" classname="Mirror.Tests.ClientSceneTests.ClientSceneTests_RegisterPrefab" runstate="Runnable" seed="1670981332" result="Passed" start-time="2020-06-13 18:29:36Z" end-time="2020-06-13 18:29:36Z" duration="0.012178" asserts="0">
                  <properties />
                  <output><![CDATA[Can not Register null UnSpawnHandler for 33169286-da03-13d4-5ab5-bfccc6cf3775
]]></output>
                </test-case>
              </test-suite>
              <test-suite type="ParameterizedMethod" id="2649" name="HandlerNewGuid_ErrorDoesNotChangePrefabsAssetId" fullname="Mirror.Tests.ClientSceneTests.ClientSceneTests_RegisterPrefab.HandlerNewGuid_ErrorDoesNotChangePrefabsAssetId" classname="Mirror.Tests.ClientSceneTests.ClientSceneTests_RegisterPrefab" runstate="Runnable" testcasecount="2" result="Passed" start-time="2020-06-13 18:29:36Z" end-time="2020-06-13 18:29:36Z" duration="0.027932" total="2" passed="2" failed="0" inconclusive="0" skipped="0" asserts="0">
                <properties />
                <test-case id="2647" name="HandlerNewGuid_ErrorDoesNotChangePrefabsAssetId(Prefab_SpawnDelegate_NewAssetId)" fullname="Mirror.Tests.ClientSceneTests.ClientSceneTests_RegisterPrefab.HandlerNewGuid_ErrorDoesNotChangePrefabsAssetId(Prefab_SpawnDelegate_NewAssetId)" methodname="HandlerNewGuid_ErrorDoesNotChangePrefabsAssetId" classname="Mirror.Tests.ClientSceneTests.ClientSceneTests_RegisterPrefab" runstate="Runnable" seed="69427801" result="Passed" start-time="2020-06-13 18:29:36Z" end-time="2020-06-13 18:29:36Z" duration="0.009861" asserts="0">
                  <properties />
                  <output><![CDATA[Could not register Handler for 'ValidPrefabForClientScene' to 5794128c-dfda-0454-2985-151f82990d05 because it already had an AssetId, Existing assetId 33169286-da03-13d4-5ab5-bfccc6cf3775
]]></output>
                </test-case>
                <test-case id="2648" name="HandlerNewGuid_ErrorDoesNotChangePrefabsAssetId(Prefab_SpawnHandlerDelegate_NewAssetId)" fullname="Mirror.Tests.ClientSceneTests.ClientSceneTests_RegisterPrefab.HandlerNewGuid_ErrorDoesNotChangePrefabsAssetId(Prefab_SpawnHandlerDelegate_NewAssetId)" methodname="HandlerNewGuid_ErrorDoesNotChangePrefabsAssetId" classname="Mirror.Tests.ClientSceneTests.ClientSceneTests_RegisterPrefab" runstate="Runnable" seed="307783345" result="Passed" start-time="2020-06-13 18:29:36Z" end-time="2020-06-13 18:29:36Z" duration="0.010977" asserts="0">
                  <properties />
                  <output><![CDATA[Could not register Handler for 'ValidPrefabForClientScene' to 5794128c-dfda-0454-2985-151f82990d05 because it already had an AssetId, Existing assetId 33169286-da03-13d4-5ab5-bfccc6cf3775
]]></output>
                </test-case>
              </test-suite>
              <test-suite type="ParameterizedMethod" id="2667" name="NewGuid_ErrorForEmptyGuid" fullname="Mirror.Tests.ClientSceneTests.ClientSceneTests_RegisterPrefab.NewGuid_ErrorForEmptyGuid" classname="Mirror.Tests.ClientSceneTests.ClientSceneTests_RegisterPrefab" runstate="Runnable" testcasecount="3" result="Passed" start-time="2020-06-13 18:29:36Z" end-time="2020-06-13 18:29:36Z" duration="0.049217" total="3" passed="3" failed="0" inconclusive="0" skipped="0" asserts="0">
                <properties />
                <test-case id="2664" name="NewGuid_ErrorForEmptyGuid(Prefab_NewAssetId)" fullname="Mirror.Tests.ClientSceneTests.ClientSceneTests_RegisterPrefab.NewGuid_ErrorForEmptyGuid(Prefab_NewAssetId)" methodname="NewGuid_ErrorForEmptyGuid" classname="Mirror.Tests.ClientSceneTests.ClientSceneTests_RegisterPrefab" runstate="Runnable" seed="1448017214" result="Passed" start-time="2020-06-13 18:29:36Z" end-time="2020-06-13 18:29:36Z" duration="0.010917" asserts="0">
                  <properties />
                  <output><![CDATA[Could not register 'ValidPrefabForClientScene' with new assetId because the new assetId was empty
]]></output>
                </test-case>
                <test-case id="2665" name="NewGuid_ErrorForEmptyGuid(Prefab_SpawnDelegate_NewAssetId)" fullname="Mirror.Tests.ClientSceneTests.ClientSceneTests_RegisterPrefab.NewGuid_ErrorForEmptyGuid(Prefab_SpawnDelegate_NewAssetId)" methodname="NewGuid_ErrorForEmptyGuid" classname="Mirror.Tests.ClientSceneTests.ClientSceneTests_RegisterPrefab" runstate="Runnable" seed="670912629" result="Passed" start-time="2020-06-13 18:29:36Z" end-time="2020-06-13 18:29:36Z" duration="0.009582" asserts="0">
                  <properties />
                  <output><![CDATA[Could not register handler for 'ValidPrefabForClientScene' with new assetId because the new assetId was empty
]]></output>
                </test-case>
                <test-case id="2666" name="NewGuid_ErrorForEmptyGuid(Prefab_SpawnHandlerDelegate_NewAssetId)" fullname="Mirror.Tests.ClientSceneTests.ClientSceneTests_RegisterPrefab.NewGuid_ErrorForEmptyGuid(Prefab_SpawnHandlerDelegate_NewAssetId)" methodname="NewGuid_ErrorForEmptyGuid" classname="Mirror.Tests.ClientSceneTests.ClientSceneTests_RegisterPrefab" runstate="Runnable" seed="1882848588" result="Passed" start-time="2020-06-13 18:29:36Z" end-time="2020-06-13 18:29:36Z" duration="0.017280" asserts="0">
                  <properties />
                  <output><![CDATA[Could not register handler for 'ValidPrefabForClientScene' with new assetId because the new assetId was empty
]]></output>
                </test-case>
              </test-suite>
              <test-suite type="ParameterizedMethod" id="2644" name="Prefab_AddsPrefabToDictionary" fullname="Mirror.Tests.ClientSceneTests.ClientSceneTests_RegisterPrefab.Prefab_AddsPrefabToDictionary" classname="Mirror.Tests.ClientSceneTests.ClientSceneTests_RegisterPrefab" runstate="Runnable" testcasecount="1" result="Passed" start-time="2020-06-13 18:29:36Z" end-time="2020-06-13 18:29:36Z" duration="0.010896" total="1" passed="1" failed="0" inconclusive="0" skipped="0" asserts="0">
                <properties />
                <test-case id="2643" name="Prefab_AddsPrefabToDictionary(Prefab)" fullname="Mirror.Tests.ClientSceneTests.ClientSceneTests_RegisterPrefab.Prefab_AddsPrefabToDictionary(Prefab)" methodname="Prefab_AddsPrefabToDictionary" classname="Mirror.Tests.ClientSceneTests.ClientSceneTests_RegisterPrefab" runstate="Runnable" seed="39214992" result="Passed" start-time="2020-06-13 18:29:36Z" end-time="2020-06-13 18:29:36Z" duration="0.006745" asserts="0">
                  <properties />
                </test-case>
              </test-suite>
              <test-suite type="ParameterizedMethod" id="2677" name="Prefab_WarningForAssetIdAlreadyExistingInPrefabsDictionary" fullname="Mirror.Tests.ClientSceneTests.ClientSceneTests_RegisterPrefab.Prefab_WarningForAssetIdAlreadyExistingInPrefabsDictionary" classname="Mirror.Tests.ClientSceneTests.ClientSceneTests_RegisterPrefab" runstate="Runnable" testcasecount="1" result="Passed" start-time="2020-06-13 18:29:36Z" end-time="2020-06-13 18:29:37Z" duration="0.026770" total="1" passed="1" failed="0" inconclusive="0" skipped="0" asserts="0">
                <properties />
                <test-case id="2676" name="Prefab_WarningForAssetIdAlreadyExistingInPrefabsDictionary(Prefab)" fullname="Mirror.Tests.ClientSceneTests.ClientSceneTests_RegisterPrefab.Prefab_WarningForAssetIdAlreadyExistingInPrefabsDictionary(Prefab)" methodname="Prefab_WarningForAssetIdAlreadyExistingInPrefabsDictionary" classname="Mirror.Tests.ClientSceneTests.ClientSceneTests_RegisterPrefab" runstate="Runnable" seed="526394559" result="Passed" start-time="2020-06-13 18:29:37Z" end-time="2020-06-13 18:29:37Z" duration="0.010825" asserts="0">
                  <properties />
                  <output><![CDATA[Replacing existing prefab with assetId '33169286-da03-13d4-5ab5-bfccc6cf3775'. Old prefab 'ValidPrefabForClientScene', New prefab 'ValidPrefabForClientScene'
]]></output>
                </test-case>
              </test-suite>
              <test-suite type="ParameterizedMethod" id="2646" name="PrefabNewGuid_ErrorDoesNotChangePrefabsAssetId" fullname="Mirror.Tests.ClientSceneTests.ClientSceneTests_RegisterPrefab.PrefabNewGuid_ErrorDoesNotChangePrefabsAssetId" classname="Mirror.Tests.ClientSceneTests.ClientSceneTests_RegisterPrefab" runstate="Runnable" testcasecount="1" result="Passed" start-time="2020-06-13 18:29:37Z" end-time="2020-06-13 18:29:37Z" duration="0.016679" total="1" passed="1" failed="0" inconclusive="0" skipped="0" asserts="0">
                <properties />
                <test-case id="2645" name="PrefabNewGuid_ErrorDoesNotChangePrefabsAssetId(Prefab_NewAssetId)" fullname="Mirror.Tests.ClientSceneTests.ClientSceneTests_RegisterPrefab.PrefabNewGuid_ErrorDoesNotChangePrefabsAssetId(Prefab_NewAssetId)" methodname="PrefabNewGuid_ErrorDoesNotChangePrefabsAssetId" classname="Mirror.Tests.ClientSceneTests.ClientSceneTests_RegisterPrefab" runstate="Runnable" seed="1991038311" result="Passed" start-time="2020-06-13 18:29:37Z" end-time="2020-06-13 18:29:37Z" duration="0.010811" asserts="0">
                  <properties />
                  <output><![CDATA[Could not register 'ValidPrefabForClientScene' to 5794128c-dfda-0454-2985-151f82990d05 because it already had an AssetId, Existing assetId 33169286-da03-13d4-5ab5-bfccc6cf3775
]]></output>
                </test-case>
              </test-suite>
              <test-suite type="ParameterizedMethod" id="2686" name="SpawnDelegate_AddsHandlerToSpawnHandlers" fullname="Mirror.Tests.ClientSceneTests.ClientSceneTests_RegisterPrefab.SpawnDelegate_AddsHandlerToSpawnHandlers" classname="Mirror.Tests.ClientSceneTests.ClientSceneTests_RegisterPrefab" runstate="Runnable" testcasecount="1" result="Passed" start-time="2020-06-13 18:29:37Z" end-time="2020-06-13 18:29:37Z" duration="0.011810" total="1" passed="1" failed="0" inconclusive="0" skipped="0" asserts="0">
                <properties />
                <test-case id="2685" name="SpawnDelegate_AddsHandlerToSpawnHandlers(Prefab_SpawnDelegate)" fullname="Mirror.Tests.ClientSceneTests.ClientSceneTests_RegisterPrefab.SpawnDelegate_AddsHandlerToSpawnHandlers(Prefab_SpawnDelegate)" methodname="SpawnDelegate_AddsHandlerToSpawnHandlers" classname="Mirror.Tests.ClientSceneTests.ClientSceneTests_RegisterPrefab" runstate="Runnable" seed="1588117287" result="Passed" start-time="2020-06-13 18:29:37Z" end-time="2020-06-13 18:29:37Z" duration="0.006116" asserts="0">
                  <properties />
                </test-case>
              </test-suite>
              <test-suite type="ParameterizedMethod" id="2688" name="SpawnDelegate_AddsHandlerToSpawnHandlersWithCorrectArguments" fullname="Mirror.Tests.ClientSceneTests.ClientSceneTests_RegisterPrefab.SpawnDelegate_AddsHandlerToSpawnHandlersWithCorrectArguments" classname="Mirror.Tests.ClientSceneTests.ClientSceneTests_RegisterPrefab" runstate="Runnable" testcasecount="1" result="Passed" start-time="2020-06-13 18:29:37Z" end-time="2020-06-13 18:29:37Z" duration="0.021857" total="1" passed="1" failed="0" inconclusive="0" skipped="0" asserts="0">
                <properties />
                <test-case id="2687" name="SpawnDelegate_AddsHandlerToSpawnHandlersWithCorrectArguments(Prefab_SpawnDelegate)" fullname="Mirror.Tests.ClientSceneTests.ClientSceneTests_RegisterPrefab.SpawnDelegate_AddsHandlerToSpawnHandlersWithCorrectArguments(Prefab_SpawnDelegate)" methodname="SpawnDelegate_AddsHandlerToSpawnHandlersWithCorrectArguments" classname="Mirror.Tests.ClientSceneTests.ClientSceneTests_RegisterPrefab" runstate="Runnable" seed="452749459" result="Passed" start-time="2020-06-13 18:29:37Z" end-time="2020-06-13 18:29:37Z" duration="0.005665" asserts="0">
                  <properties />
                </test-case>
              </test-suite>
              <test-suite type="ParameterizedMethod" id="2691" name="SpawnDelegate_ErrorWhenSpawnHandlerIsNull" fullname="Mirror.Tests.ClientSceneTests.ClientSceneTests_RegisterPrefab.SpawnDelegate_ErrorWhenSpawnHandlerIsNull" classname="Mirror.Tests.ClientSceneTests.ClientSceneTests_RegisterPrefab" runstate="Runnable" testcasecount="2" result="Passed" start-time="2020-06-13 18:29:37Z" end-time="2020-06-13 18:29:37Z" duration="0.028900" total="2" passed="2" failed="0" inconclusive="0" skipped="0" asserts="0">
                <properties />
                <test-case id="2689" name="SpawnDelegate_ErrorWhenSpawnHandlerIsNull(Prefab_SpawnDelegate)" fullname="Mirror.Tests.ClientSceneTests.ClientSceneTests_RegisterPrefab.SpawnDelegate_ErrorWhenSpawnHandlerIsNull(Prefab_SpawnDelegate)" methodname="SpawnDelegate_ErrorWhenSpawnHandlerIsNull" classname="Mirror.Tests.ClientSceneTests.ClientSceneTests_RegisterPrefab" runstate="Runnable" seed="228485497" result="Passed" start-time="2020-06-13 18:29:37Z" end-time="2020-06-13 18:29:37Z" duration="0.011300" asserts="0">
                  <properties />
                  <output><![CDATA[Can not Register null SpawnHandler for 33169286-da03-13d4-5ab5-bfccc6cf3775
]]></output>
                </test-case>
                <test-case id="2690" name="SpawnDelegate_ErrorWhenSpawnHandlerIsNull(Prefab_SpawnDelegate_NewAssetId)" fullname="Mirror.Tests.ClientSceneTests.ClientSceneTests_RegisterPrefab.SpawnDelegate_ErrorWhenSpawnHandlerIsNull(Prefab_SpawnDelegate_NewAssetId)" methodname="SpawnDelegate_ErrorWhenSpawnHandlerIsNull" classname="Mirror.Tests.ClientSceneTests.ClientSceneTests_RegisterPrefab" runstate="Runnable" seed="1619683164" result="Passed" start-time="2020-06-13 18:29:37Z" end-time="2020-06-13 18:29:37Z" duration="0.008739" asserts="0">
                  <properties />
                  <output><![CDATA[Can not Register null SpawnHandler for 5794128c-dfda-0454-2985-151f82990d05
]]></output>
                </test-case>
              </test-suite>
              <test-suite type="ParameterizedMethod" id="2693" name="SpawnHandleDelegate_AddsHandlerToSpawnHandlers" fullname="Mirror.Tests.ClientSceneTests.ClientSceneTests_RegisterPrefab.SpawnHandleDelegate_AddsHandlerToSpawnHandlers" classname="Mirror.Tests.ClientSceneTests.ClientSceneTests_RegisterPrefab" runstate="Runnable" testcasecount="1" result="Passed" start-time="2020-06-13 18:29:37Z" end-time="2020-06-13 18:29:37Z" duration="0.012660" total="1" passed="1" failed="0" inconclusive="0" skipped="0" asserts="0">
                <properties />
                <test-case id="2692" name="SpawnHandleDelegate_AddsHandlerToSpawnHandlers(Prefab_SpawnHandlerDelegate)" fullname="Mirror.Tests.ClientSceneTests.ClientSceneTests_RegisterPrefab.SpawnHandleDelegate_AddsHandlerToSpawnHandlers(Prefab_SpawnHandlerDelegate)" methodname="SpawnHandleDelegate_AddsHandlerToSpawnHandlers" classname="Mirror.Tests.ClientSceneTests.ClientSceneTests_RegisterPrefab" runstate="Runnable" seed="1612038531" result="Passed" start-time="2020-06-13 18:29:37Z" end-time="2020-06-13 18:29:37Z" duration="0.006086" asserts="0">
                  <properties />
                </test-case>
              </test-suite>
              <test-suite type="ParameterizedMethod" id="2695" name="SpawnHandleDelegate_ErrorWhenSpawnHandlerIsNull" fullname="Mirror.Tests.ClientSceneTests.ClientSceneTests_RegisterPrefab.SpawnHandleDelegate_ErrorWhenSpawnHandlerIsNull" classname="Mirror.Tests.ClientSceneTests.ClientSceneTests_RegisterPrefab" runstate="Runnable" testcasecount="1" result="Passed" start-time="2020-06-13 18:29:37Z" end-time="2020-06-13 18:29:37Z" duration="0.028903" total="1" passed="1" failed="0" inconclusive="0" skipped="0" asserts="0">
                <properties />
                <test-case id="2694" name="SpawnHandleDelegate_ErrorWhenSpawnHandlerIsNull(Prefab_SpawnHandlerDelegate)" fullname="Mirror.Tests.ClientSceneTests.ClientSceneTests_RegisterPrefab.SpawnHandleDelegate_ErrorWhenSpawnHandlerIsNull(Prefab_SpawnHandlerDelegate)" methodname="SpawnHandleDelegate_ErrorWhenSpawnHandlerIsNull" classname="Mirror.Tests.ClientSceneTests.ClientSceneTests_RegisterPrefab" runstate="Runnable" seed="1512194544" result="Passed" start-time="2020-06-13 18:29:37Z" end-time="2020-06-13 18:29:37Z" duration="0.019822" asserts="0">
                  <properties />
                  <output><![CDATA[Can not Register null SpawnHandler for 33169286-da03-13d4-5ab5-bfccc6cf3775
]]></output>
                </test-case>
              </test-suite>
              <test-suite type="ParameterizedMethod" id="2684" name="WarningForAssetIdAlreadyExistingInHandlersDictionary" fullname="Mirror.Tests.ClientSceneTests.ClientSceneTests_RegisterPrefab.WarningForAssetIdAlreadyExistingInHandlersDictionary" classname="Mirror.Tests.ClientSceneTests.ClientSceneTests_RegisterPrefab" runstate="Runnable" testcasecount="3" result="Passed" start-time="2020-06-13 18:29:37Z" end-time="2020-06-13 18:29:37Z" duration="0.046677" total="3" passed="3" failed="0" inconclusive="0" skipped="0" asserts="0">
                <properties />
                <test-case id="2681" name="WarningForAssetIdAlreadyExistingInHandlersDictionary(Prefab)" fullname="Mirror.Tests.ClientSceneTests.ClientSceneTests_RegisterPrefab.WarningForAssetIdAlreadyExistingInHandlersDictionary(Prefab)" methodname="WarningForAssetIdAlreadyExistingInHandlersDictionary" classname="Mirror.Tests.ClientSceneTests.ClientSceneTests_RegisterPrefab" runstate="Runnable" seed="1663490034" result="Passed" start-time="2020-06-13 18:29:37Z" end-time="2020-06-13 18:29:37Z" duration="0.009837" asserts="0">
                  <properties />
                  <output><![CDATA[Adding prefab 'ValidPrefabForClientScene' with assetId '33169286-da03-13d4-5ab5-bfccc6cf3775' when spawnHandlers with same assetId already exists.
]]></output>
                </test-case>
                <test-case id="2682" name="WarningForAssetIdAlreadyExistingInHandlersDictionary(Prefab_SpawnDelegate)" fullname="Mirror.Tests.ClientSceneTests.ClientSceneTests_RegisterPrefab.WarningForAssetIdAlreadyExistingInHandlersDictionary(Prefab_SpawnDelegate)" methodname="WarningForAssetIdAlreadyExistingInHandlersDictionary" classname="Mirror.Tests.ClientSceneTests.ClientSceneTests_RegisterPrefab" runstate="Runnable" seed="2102541423" result="Passed" start-time="2020-06-13 18:29:37Z" end-time="2020-06-13 18:29:37Z" duration="0.011197" asserts="0">
                  <properties />
                  <output><![CDATA[Replacing existing spawnHandlers for prefab 'ValidPrefabForClientScene' with assetId '33169286-da03-13d4-5ab5-bfccc6cf3775'
]]></output>
                </test-case>
                <test-case id="2683" name="WarningForAssetIdAlreadyExistingInHandlersDictionary(Prefab_SpawnHandlerDelegate)" fullname="Mirror.Tests.ClientSceneTests.ClientSceneTests_RegisterPrefab.WarningForAssetIdAlreadyExistingInHandlersDictionary(Prefab_SpawnHandlerDelegate)" methodname="WarningForAssetIdAlreadyExistingInHandlersDictionary" classname="Mirror.Tests.ClientSceneTests.ClientSceneTests_RegisterPrefab" runstate="Runnable" seed="511766750" result="Passed" start-time="2020-06-13 18:29:37Z" end-time="2020-06-13 18:29:37Z" duration="0.014877" asserts="0">
                  <properties />
                  <output><![CDATA[Replacing existing spawnHandlers for prefab 'ValidPrefabForClientScene' with assetId '33169286-da03-13d4-5ab5-bfccc6cf3775'
]]></output>
                </test-case>
              </test-suite>
              <test-suite type="ParameterizedMethod" id="2675" name="WarningForNetworkIdentityInChildren" fullname="Mirror.Tests.ClientSceneTests.ClientSceneTests_RegisterPrefab.WarningForNetworkIdentityInChildren" classname="Mirror.Tests.ClientSceneTests.ClientSceneTests_RegisterPrefab" runstate="Runnable" testcasecount="3" result="Passed" start-time="2020-06-13 18:29:37Z" end-time="2020-06-13 18:29:37Z" duration="0.040444" total="3" passed="3" failed="0" inconclusive="0" skipped="0" asserts="0">
                <properties />
                <test-case id="2672" name="WarningForNetworkIdentityInChildren(Prefab)" fullname="Mirror.Tests.ClientSceneTests.ClientSceneTests_RegisterPrefab.WarningForNetworkIdentityInChildren(Prefab)" methodname="WarningForNetworkIdentityInChildren" classname="Mirror.Tests.ClientSceneTests.ClientSceneTests_RegisterPrefab" runstate="Runnable" seed="1727763134" result="Passed" start-time="2020-06-13 18:29:37Z" end-time="2020-06-13 18:29:37Z" duration="0.010587" asserts="0">
                  <properties />
                  <output><![CDATA[Prefab 'PrefabWithChildrenForClientScene' has multiple NetworkIdentity components. There should only be one NetworkIdentity on a prefab, and it must be on the root object.
]]></output>
                </test-case>
                <test-case id="2673" name="WarningForNetworkIdentityInChildren(Prefab_SpawnDelegate)" fullname="Mirror.Tests.ClientSceneTests.ClientSceneTests_RegisterPrefab.WarningForNetworkIdentityInChildren(Prefab_SpawnDelegate)" methodname="WarningForNetworkIdentityInChildren" classname="Mirror.Tests.ClientSceneTests.ClientSceneTests_RegisterPrefab" runstate="Runnable" seed="2105720720" result="Passed" start-time="2020-06-13 18:29:37Z" end-time="2020-06-13 18:29:37Z" duration="0.010086" asserts="0">
                  <properties />
                  <output><![CDATA[Prefab 'PrefabWithChildrenForClientScene' has multiple NetworkIdentity components. There should only be one NetworkIdentity on a prefab, and it must be on the root object.
]]></output>
                </test-case>
                <test-case id="2674" name="WarningForNetworkIdentityInChildren(Prefab_SpawnHandlerDelegate)" fullname="Mirror.Tests.ClientSceneTests.ClientSceneTests_RegisterPrefab.WarningForNetworkIdentityInChildren(Prefab_SpawnHandlerDelegate)" methodname="WarningForNetworkIdentityInChildren" classname="Mirror.Tests.ClientSceneTests.ClientSceneTests_RegisterPrefab" runstate="Runnable" seed="1176556611" result="Passed" start-time="2020-06-13 18:29:37Z" end-time="2020-06-13 18:29:37Z" duration="0.010646" asserts="0">
                  <properties />
                  <output><![CDATA[Prefab 'PrefabWithChildrenForClientScene' has multiple NetworkIdentity components. There should only be one NetworkIdentity on a prefab, and it must be on the root object.
]]></output>
                </test-case>
              </test-suite>
            </test-suite>
            <test-suite type="TestFixture" id="2713" name="ClientSceneTests_RegisterSpawnHandler" fullname="Mirror.Tests.ClientSceneTests.ClientSceneTests_RegisterSpawnHandler" classname="Mirror.Tests.ClientSceneTests.ClientSceneTests_RegisterSpawnHandler" runstate="Runnable" testcasecount="15" result="Passed" start-time="2020-06-13 18:29:37Z" end-time="2020-06-13 18:29:37Z" duration="0.250927" total="15" passed="15" failed="0" inconclusive="0" skipped="0" asserts="0">
              <properties />
              <test-case id="2714" name="SpawnDelegate_AddsHandlerToSpawnHandlers" fullname="Mirror.Tests.ClientSceneTests.ClientSceneTests_RegisterSpawnHandler.SpawnDelegate_AddsHandlerToSpawnHandlers" methodname="SpawnDelegate_AddsHandlerToSpawnHandlers" classname="Mirror.Tests.ClientSceneTests.ClientSceneTests_RegisterSpawnHandler" runstate="Runnable" seed="1467033841" result="Passed" start-time="2020-06-13 18:29:37Z" end-time="2020-06-13 18:29:37Z" duration="0.005259" asserts="0">
                <properties />
              </test-case>
              <test-case id="2715" name="SpawnDelegate_AddsHandlerToSpawnHandlersWithCorrectArguments" fullname="Mirror.Tests.ClientSceneTests.ClientSceneTests_RegisterSpawnHandler.SpawnDelegate_AddsHandlerToSpawnHandlersWithCorrectArguments" methodname="SpawnDelegate_AddsHandlerToSpawnHandlersWithCorrectArguments" classname="Mirror.Tests.ClientSceneTests.ClientSceneTests_RegisterSpawnHandler" runstate="Runnable" seed="360183013" result="Passed" start-time="2020-06-13 18:29:37Z" end-time="2020-06-13 18:29:37Z" duration="0.017725" asserts="0">
                <properties />
              </test-case>
              <test-case id="2716" name="SpawnDelegate_AddsHandlerToUnSpawnHandlers" fullname="Mirror.Tests.ClientSceneTests.ClientSceneTests_RegisterSpawnHandler.SpawnDelegate_AddsHandlerToUnSpawnHandlers" methodname="SpawnDelegate_AddsHandlerToUnSpawnHandlers" classname="Mirror.Tests.ClientSceneTests.ClientSceneTests_RegisterSpawnHandler" runstate="Runnable" seed="2101459802" result="Passed" start-time="2020-06-13 18:29:37Z" end-time="2020-06-13 18:29:37Z" duration="0.014541" asserts="0">
                <properties />
              </test-case>
              <test-case id="2719" name="SpawnDelegate_ErrorWhenAssetIdIsEmpty" fullname="Mirror.Tests.ClientSceneTests.ClientSceneTests_RegisterSpawnHandler.SpawnDelegate_ErrorWhenAssetIdIsEmpty" methodname="SpawnDelegate_ErrorWhenAssetIdIsEmpty" classname="Mirror.Tests.ClientSceneTests.ClientSceneTests_RegisterSpawnHandler" runstate="Runnable" seed="109626579" result="Passed" start-time="2020-06-13 18:29:37Z" end-time="2020-06-13 18:29:37Z" duration="0.014124" asserts="0">
                <properties />
                <output><![CDATA[Can not Register SpawnHandler for empty Guid
]]></output>
              </test-case>
              <test-case id="2721" name="SpawnDelegate_ErrorWhenHandlerForGuidAlreadyExistsInPrefabDictionary" fullname="Mirror.Tests.ClientSceneTests.ClientSceneTests_RegisterSpawnHandler.SpawnDelegate_ErrorWhenHandlerForGuidAlreadyExistsInPrefabDictionary" methodname="SpawnDelegate_ErrorWhenHandlerForGuidAlreadyExistsInPrefabDictionary" classname="Mirror.Tests.ClientSceneTests.ClientSceneTests_RegisterSpawnHandler" runstate="Runnable" seed="1044033748" result="Passed" start-time="2020-06-13 18:29:37Z" end-time="2020-06-13 18:29:37Z" duration="0.017362" asserts="0">
                <properties />
                <output><![CDATA[assetId '5c2f2eff-1082-4177-8df2-0a5444818de4' is already used by prefab 'ValidPrefabForClientScene'
]]></output>
              </test-case>
              <test-case id="2717" name="SpawnDelegate_ErrorWhenSpawnHandlerIsNull" fullname="Mirror.Tests.ClientSceneTests.ClientSceneTests_RegisterSpawnHandler.SpawnDelegate_ErrorWhenSpawnHandlerIsNull" methodname="SpawnDelegate_ErrorWhenSpawnHandlerIsNull" classname="Mirror.Tests.ClientSceneTests.ClientSceneTests_RegisterSpawnHandler" runstate="Runnable" seed="1892061949" result="Passed" start-time="2020-06-13 18:29:37Z" end-time="2020-06-13 18:29:37Z" duration="0.013261" asserts="0">
                <properties />
                <output><![CDATA[Can not Register null SpawnHandler for d67e5734-a714-43a3-9c58-a27223e6e518
]]></output>
              </test-case>
              <test-case id="2718" name="SpawnDelegate_ErrorWhenUnSpawnHandlerIsNull" fullname="Mirror.Tests.ClientSceneTests.ClientSceneTests_RegisterSpawnHandler.SpawnDelegate_ErrorWhenUnSpawnHandlerIsNull" methodname="SpawnDelegate_ErrorWhenUnSpawnHandlerIsNull" classname="Mirror.Tests.ClientSceneTests.ClientSceneTests_RegisterSpawnHandler" runstate="Runnable" seed="47903774" result="Passed" start-time="2020-06-13 18:29:37Z" end-time="2020-06-13 18:29:37Z" duration="0.016523" asserts="0">
                <properties />
                <output><![CDATA[Can not Register null UnSpawnHandler for 2babdf98-1e33-48b9-9415-edd07c93e668
]]></output>
              </test-case>
              <test-case id="2720" name="SpawnDelegate_WarningWhenHandlerForGuidAlreadyExistsInHandlerDictionary" fullname="Mirror.Tests.ClientSceneTests.ClientSceneTests_RegisterSpawnHandler.SpawnDelegate_WarningWhenHandlerForGuidAlreadyExistsInHandlerDictionary" methodname="SpawnDelegate_WarningWhenHandlerForGuidAlreadyExistsInHandlerDictionary" classname="Mirror.Tests.ClientSceneTests.ClientSceneTests_RegisterSpawnHandler" runstate="Runnable" seed="1517055761" result="Passed" start-time="2020-06-13 18:29:37Z" end-time="2020-06-13 18:29:37Z" duration="0.015914" asserts="0">
                <properties />
                <output><![CDATA[Replacing existing spawnHandlers for 2def9db2-bf3d-4e28-bba7-b43d37ba5e27
]]></output>
              </test-case>
              <test-case id="2722" name="SpawnHandlerDelegate_AddsHandlerToSpawnHandlers" fullname="Mirror.Tests.ClientSceneTests.ClientSceneTests_RegisterSpawnHandler.SpawnHandlerDelegate_AddsHandlerToSpawnHandlers" methodname="SpawnHandlerDelegate_AddsHandlerToSpawnHandlers" classname="Mirror.Tests.ClientSceneTests.ClientSceneTests_RegisterSpawnHandler" runstate="Runnable" seed="943578842" result="Passed" start-time="2020-06-13 18:29:37Z" end-time="2020-06-13 18:29:37Z" duration="0.016037" asserts="0">
                <properties />
              </test-case>
              <test-case id="2723" name="SpawnHandlerDelegate_AddsHandlerToUnSpawnHandlers" fullname="Mirror.Tests.ClientSceneTests.ClientSceneTests_RegisterSpawnHandler.SpawnHandlerDelegate_AddsHandlerToUnSpawnHandlers" methodname="SpawnHandlerDelegate_AddsHandlerToUnSpawnHandlers" classname="Mirror.Tests.ClientSceneTests.ClientSceneTests_RegisterSpawnHandler" runstate="Runnable" seed="204223138" result="Passed" start-time="2020-06-13 18:29:37Z" end-time="2020-06-13 18:29:37Z" duration="0.014287" asserts="0">
                <properties />
              </test-case>
              <test-case id="2726" name="SpawnHandlerDelegate_ErrorWhenAssetIdIsEmpty" fullname="Mirror.Tests.ClientSceneTests.ClientSceneTests_RegisterSpawnHandler.SpawnHandlerDelegate_ErrorWhenAssetIdIsEmpty" methodname="SpawnHandlerDelegate_ErrorWhenAssetIdIsEmpty" classname="Mirror.Tests.ClientSceneTests.ClientSceneTests_RegisterSpawnHandler" runstate="Runnable" seed="215639012" result="Passed" start-time="2020-06-13 18:29:37Z" end-time="2020-06-13 18:29:37Z" duration="0.015261" asserts="0">
                <properties />
                <output><![CDATA[Can not Register SpawnHandler for empty Guid
]]></output>
              </test-case>
              <test-case id="2728" name="SpawnHandlerDelegate_ErrorWhenHandlerForGuidAlreadyExistsInPrefabDictionary" fullname="Mirror.Tests.ClientSceneTests.ClientSceneTests_RegisterSpawnHandler.SpawnHandlerDelegate_ErrorWhenHandlerForGuidAlreadyExistsInPrefabDictionary" methodname="SpawnHandlerDelegate_ErrorWhenHandlerForGuidAlreadyExistsInPrefabDictionary" classname="Mirror.Tests.ClientSceneTests.ClientSceneTests_RegisterSpawnHandler" runstate="Runnable" seed="1462167389" result="Passed" start-time="2020-06-13 18:29:37Z" end-time="2020-06-13 18:29:37Z" duration="0.014715" asserts="0">
                <properties />
                <output><![CDATA[assetId '698532fc-2050-4bff-99f3-e6fd4a12cce3' is already used by prefab 'ValidPrefabForClientScene'
]]></output>
              </test-case>
              <test-case id="2724" name="SpawnHandlerDelegate_ErrorWhenSpawnHandlerIsNull" fullname="Mirror.Tests.ClientSceneTests.ClientSceneTests_RegisterSpawnHandler.SpawnHandlerDelegate_ErrorWhenSpawnHandlerIsNull" methodname="SpawnHandlerDelegate_ErrorWhenSpawnHandlerIsNull" classname="Mirror.Tests.ClientSceneTests.ClientSceneTests_RegisterSpawnHandler" runstate="Runnable" seed="1396711860" result="Passed" start-time="2020-06-13 18:29:37Z" end-time="2020-06-13 18:29:37Z" duration="0.024176" asserts="0">
                <properties />
                <output><![CDATA[Can not Register null SpawnHandler for cfb5b608-670e-4d7e-aa15-94d2a939354f
]]></output>
              </test-case>
              <test-case id="2725" name="SpawnHandlerDelegate_ErrorWhenUnSpawnHandlerIsNull" fullname="Mirror.Tests.ClientSceneTests.ClientSceneTests_RegisterSpawnHandler.SpawnHandlerDelegate_ErrorWhenUnSpawnHandlerIsNull" methodname="SpawnHandlerDelegate_ErrorWhenUnSpawnHandlerIsNull" classname="Mirror.Tests.ClientSceneTests.ClientSceneTests_RegisterSpawnHandler" runstate="Runnable" seed="69546220" result="Passed" start-time="2020-06-13 18:29:37Z" end-time="2020-06-13 18:29:37Z" duration="0.009346" asserts="0">
                <properties />
                <output><![CDATA[Can not Register null UnSpawnHandler for 4c1278c9-e059-41de-90b6-92142bd19516
]]></output>
              </test-case>
              <test-case id="2727" name="SpawnHandlerDelegate_WarningWhenHandlerForGuidAlreadyExistsInHandlerDictionary" fullname="Mirror.Tests.ClientSceneTests.ClientSceneTests_RegisterSpawnHandler.SpawnHandlerDelegate_WarningWhenHandlerForGuidAlreadyExistsInHandlerDictionary" methodname="SpawnHandlerDelegate_WarningWhenHandlerForGuidAlreadyExistsInHandlerDictionary" classname="Mirror.Tests.ClientSceneTests.ClientSceneTests_RegisterSpawnHandler" runstate="Runnable" seed="1749483255" result="Passed" start-time="2020-06-13 18:29:37Z" end-time="2020-06-13 18:29:37Z" duration="0.011687" asserts="0">
                <properties />
                <output><![CDATA[Replacing existing spawnHandlers for f3c5bfa1-52f2-4a60-8b60-a372026b201e
]]></output>
              </test-case>
            </test-suite>
            <test-suite type="TestFixture" id="2729" name="ClientSceneTests_UnregisterPrefab" fullname="Mirror.Tests.ClientSceneTests.ClientSceneTests_UnregisterPrefab" classname="Mirror.Tests.ClientSceneTests.ClientSceneTests_UnregisterPrefab" runstate="Runnable" testcasecount="5" result="Passed" start-time="2020-06-13 18:29:37Z" end-time="2020-06-13 18:29:37Z" duration="0.078424" total="5" passed="5" failed="0" inconclusive="0" skipped="0" asserts="0">
              <properties />
              <test-case id="2734" name="ErrorWhenPrefabHasNoNetworkIdentity" fullname="Mirror.Tests.ClientSceneTests.ClientSceneTests_UnregisterPrefab.ErrorWhenPrefabHasNoNetworkIdentity" methodname="ErrorWhenPrefabHasNoNetworkIdentity" classname="Mirror.Tests.ClientSceneTests.ClientSceneTests_UnregisterPrefab" runstate="Runnable" seed="976199717" result="Passed" start-time="2020-06-13 18:29:37Z" end-time="2020-06-13 18:29:37Z" duration="0.005016" asserts="0">
                <properties />
                <output><![CDATA[Could not unregister 'invalidPrefabForClientScene' since it contains no NetworkIdentity component
]]></output>
              </test-case>
              <test-case id="2733" name="ErrorWhenPrefabIsNull" fullname="Mirror.Tests.ClientSceneTests.ClientSceneTests_UnregisterPrefab.ErrorWhenPrefabIsNull" methodname="ErrorWhenPrefabIsNull" classname="Mirror.Tests.ClientSceneTests.ClientSceneTests_UnregisterPrefab" runstate="Runnable" seed="1982595639" result="Passed" start-time="2020-06-13 18:29:37Z" end-time="2020-06-13 18:29:37Z" duration="0.016947" asserts="0">
                <properties />
                <output><![CDATA[Could not unregister prefab because it was null
]]></output>
              </test-case>
              <test-case id="2730" name="RemovesPrefabFromDictionary" fullname="Mirror.Tests.ClientSceneTests.ClientSceneTests_UnregisterPrefab.RemovesPrefabFromDictionary" methodname="RemovesPrefabFromDictionary" classname="Mirror.Tests.ClientSceneTests.ClientSceneTests_UnregisterPrefab" runstate="Runnable" seed="1189858447" result="Passed" start-time="2020-06-13 18:29:37Z" end-time="2020-06-13 18:29:37Z" duration="0.016193" asserts="0">
                <properties />
              </test-case>
              <test-case id="2731" name="RemovesSpawnHandlerFromDictionary" fullname="Mirror.Tests.ClientSceneTests.ClientSceneTests_UnregisterPrefab.RemovesSpawnHandlerFromDictionary" methodname="RemovesSpawnHandlerFromDictionary" classname="Mirror.Tests.ClientSceneTests.ClientSceneTests_UnregisterPrefab" runstate="Runnable" seed="1015413370" result="Passed" start-time="2020-06-13 18:29:37Z" end-time="2020-06-13 18:29:37Z" duration="0.013990" asserts="0">
                <properties />
              </test-case>
              <test-case id="2732" name="RemovesUnSpawnHandlerFromDictionary" fullname="Mirror.Tests.ClientSceneTests.ClientSceneTests_UnregisterPrefab.RemovesUnSpawnHandlerFromDictionary" methodname="RemovesUnSpawnHandlerFromDictionary" classname="Mirror.Tests.ClientSceneTests.ClientSceneTests_UnregisterPrefab" runstate="Runnable" seed="729960973" result="Passed" start-time="2020-06-13 18:29:37Z" end-time="2020-06-13 18:29:37Z" duration="0.015971" asserts="0">
                <properties />
              </test-case>
            </test-suite>
            <test-suite type="TestFixture" id="2735" name="ClientSceneTests_UnregisterSpawnHandler" fullname="Mirror.Tests.ClientSceneTests.ClientSceneTests_UnregisterSpawnHandler" classname="Mirror.Tests.ClientSceneTests.ClientSceneTests_UnregisterSpawnHandler" runstate="Runnable" testcasecount="3" result="Passed" start-time="2020-06-13 18:29:37Z" end-time="2020-06-13 18:29:37Z" duration="0.042473" total="3" passed="3" failed="0" inconclusive="0" skipped="0" asserts="0">
              <properties />
              <test-case id="2738" name="DoesNotRemovePrefabDictionary" fullname="Mirror.Tests.ClientSceneTests.ClientSceneTests_UnregisterSpawnHandler.DoesNotRemovePrefabDictionary" methodname="DoesNotRemovePrefabDictionary" classname="Mirror.Tests.ClientSceneTests.ClientSceneTests_UnregisterSpawnHandler" runstate="Runnable" seed="569495317" result="Passed" start-time="2020-06-13 18:29:37Z" end-time="2020-06-13 18:29:37Z" duration="0.006379" asserts="0">
                <properties />
              </test-case>
              <test-case id="2736" name="RemovesSpawnHandlersFromDictionary" fullname="Mirror.Tests.ClientSceneTests.ClientSceneTests_UnregisterSpawnHandler.RemovesSpawnHandlersFromDictionary" methodname="RemovesSpawnHandlersFromDictionary" classname="Mirror.Tests.ClientSceneTests.ClientSceneTests_UnregisterSpawnHandler" runstate="Runnable" seed="1513439499" result="Passed" start-time="2020-06-13 18:29:37Z" end-time="2020-06-13 18:29:37Z" duration="0.010880" asserts="0">
                <properties />
              </test-case>
[...]
                <properties />
              </test-case>
              <test-case id="2101" name="SyncVarsDifferentModule" fullname="Mirror.Weaver.Tests.WeaverSyncVarTests.SyncVarsDifferentModule" methodname="SyncVarsDifferentModule" classname="Mirror.Weaver.Tests.WeaverSyncVarTests" runstate="Runnable" seed="1083177489" result="Passed" start-time="2020-06-13 18:30:48Z" end-time="2020-06-13 18:30:48Z" duration="0.351179" asserts="0">
                <properties />
              </test-case>
              <test-case id="2099" name="SyncVarsGenericParam" fullname="Mirror.Weaver.Tests.WeaverSyncVarTests.SyncVarsGenericParam" methodname="SyncVarsGenericParam" classname="Mirror.Weaver.Tests.WeaverSyncVarTests" runstate="Runnable" seed="1501635235" result="Passed" start-time="2020-06-13 18:30:48Z" end-time="2020-06-13 18:30:49Z" duration="0.343848" asserts="0">
                <properties />
              </test-case>
              <test-case id="2100" name="SyncVarsInterface" fullname="Mirror.Weaver.Tests.WeaverSyncVarTests.SyncVarsInterface" methodname="SyncVarsInterface" classname="Mirror.Weaver.Tests.WeaverSyncVarTests" runstate="Runnable" seed="1665613555" result="Passed" start-time="2020-06-13 18:30:49Z" end-time="2020-06-13 18:30:49Z" duration="0.362265" asserts="0">
                <properties />
              </test-case>
              <test-case id="2104" name="SyncVarsMoreThan63" fullname="Mirror.Weaver.Tests.WeaverSyncVarTests.SyncVarsMoreThan63" methodname="SyncVarsMoreThan63" classname="Mirror.Weaver.Tests.WeaverSyncVarTests" runstate="Runnable" seed="538643640" result="Passed" start-time="2020-06-13 18:30:49Z" end-time="2020-06-13 18:30:49Z" duration="0.350318" asserts="0">
                <properties />
              </test-case>
              <test-case id="2098" name="SyncVarsStatic" fullname="Mirror.Weaver.Tests.WeaverSyncVarTests.SyncVarsStatic" methodname="SyncVarsStatic" classname="Mirror.Weaver.Tests.WeaverSyncVarTests" runstate="Runnable" seed="839230817" result="Passed" start-time="2020-06-13 18:30:49Z" end-time="2020-06-13 18:30:50Z" duration="0.355112" asserts="0">
                <properties />
              </test-case>
              <test-case id="2103" name="SyncVarsSyncList" fullname="Mirror.Weaver.Tests.WeaverSyncVarTests.SyncVarsSyncList" methodname="SyncVarsSyncList" classname="Mirror.Weaver.Tests.WeaverSyncVarTests" runstate="Runnable" seed="1178232946" result="Passed" start-time="2020-06-13 18:30:50Z" end-time="2020-06-13 18:30:50Z" duration="0.350639" asserts="0">
                <properties />
              </test-case>
              <test-case id="2096" name="SyncVarsValid" fullname="Mirror.Weaver.Tests.WeaverSyncVarTests.SyncVarsValid" methodname="SyncVarsValid" classname="Mirror.Weaver.Tests.WeaverSyncVarTests" runstate="Runnable" seed="1771983404" result="Passed" start-time="2020-06-13 18:30:50Z" end-time="2020-06-13 18:30:50Z" duration="0.359734" asserts="0">
                <properties />
              </test-case>
            </test-suite>
            <test-suite type="TestFixture" id="2105" name="WeaverTargetRpcTests" fullname="Mirror.Weaver.Tests.WeaverTargetRpcTests" classname="Mirror.Weaver.Tests.WeaverTargetRpcTests" runstate="Runnable" testcasecount="10" result="Passed" start-time="2020-06-13 18:30:50Z" end-time="2020-06-13 18:30:54Z" duration="3.651447" total="10" passed="10" failed="0" inconclusive="0" skipped="0" asserts="0">
              <properties>
                <property name="Category" value="Weaver" />
              </properties>
              <test-case id="2114" name="AbstractTargetRpc" fullname="Mirror.Weaver.Tests.WeaverTargetRpcTests.AbstractTargetRpc" methodname="AbstractTargetRpc" classname="Mirror.Weaver.Tests.WeaverTargetRpcTests" runstate="Runnable" seed="1304087762" result="Passed" start-time="2020-06-13 18:30:51Z" end-time="2020-06-13 18:30:51Z" duration="0.337301" asserts="0">
                <properties />
              </test-case>
              <test-case id="2107" name="ErrorWhenMethodDoesNotStartWithTarget" fullname="Mirror.Weaver.Tests.WeaverTargetRpcTests.ErrorWhenMethodDoesNotStartWithTarget" methodname="ErrorWhenMethodDoesNotStartWithTarget" classname="Mirror.Weaver.Tests.WeaverTargetRpcTests" runstate="Runnable" seed="1523467574" result="Passed" start-time="2020-06-13 18:30:51Z" end-time="2020-06-13 18:30:51Z" duration="0.347018" asserts="0">
                <properties />
              </test-case>
              <test-case id="2111" name="ErrorWhenNetworkConnectionIsNotTheFirstParameter" fullname="Mirror.Weaver.Tests.WeaverTargetRpcTests.ErrorWhenNetworkConnectionIsNotTheFirstParameter" methodname="ErrorWhenNetworkConnectionIsNotTheFirstParameter" classname="Mirror.Weaver.Tests.WeaverTargetRpcTests" runstate="Runnable" seed="915057728" result="Passed" start-time="2020-06-13 18:30:51Z" end-time="2020-06-13 18:30:52Z" duration="0.342046" asserts="0">
                <properties />
              </test-case>
              <test-case id="2108" name="ErrorWhenTargetRpcIsStatic" fullname="Mirror.Weaver.Tests.WeaverTargetRpcTests.ErrorWhenTargetRpcIsStatic" methodname="ErrorWhenTargetRpcIsStatic" classname="Mirror.Weaver.Tests.WeaverTargetRpcTests" runstate="Runnable" seed="1830165426" result="Passed" start-time="2020-06-13 18:30:52Z" end-time="2020-06-13 18:30:52Z" duration="0.371373" asserts="0">
                <properties />
              </test-case>
              <test-case id="2115" name="OverrideAbstractTargetRpc" fullname="Mirror.Weaver.Tests.WeaverTargetRpcTests.OverrideAbstractTargetRpc" methodname="OverrideAbstractTargetRpc" classname="Mirror.Weaver.Tests.WeaverTargetRpcTests" runstate="Runnable" seed="5862357" result="Passed" start-time="2020-06-13 18:30:52Z" end-time="2020-06-13 18:30:52Z" duration="0.342847" asserts="0">
                <properties />
              </test-case>
              <test-case id="2113" name="OverrideVirtualTargetRpc" fullname="Mirror.Weaver.Tests.WeaverTargetRpcTests.OverrideVirtualTargetRpc" methodname="OverrideVirtualTargetRpc" classname="Mirror.Weaver.Tests.WeaverTargetRpcTests" runstate="Runnable" seed="1500498059" result="Passed" start-time="2020-06-13 18:30:52Z" end-time="2020-06-13 18:30:53Z" duration="0.351020" asserts="0">
                <properties />
              </test-case>
              <test-case id="2110" name="TargetRpcCanHaveOtherParametersWhileSkipingNetworkConnection" fullname="Mirror.Weaver.Tests.WeaverTargetRpcTests.TargetRpcCanHaveOtherParametersWhileSkipingNetworkConnection" methodname="TargetRpcCanHaveOtherParametersWhileSkipingNetworkConnection" classname="Mirror.Weaver.Tests.WeaverTargetRpcTests" runstate="Runnable" seed="470693363" result="Passed" start-time="2020-06-13 18:30:53Z" end-time="2020-06-13 18:30:53Z" duration="0.354907" asserts="0">
                <properties />
              </test-case>
              <test-case id="2109" name="TargetRpcCanSkipNetworkConnection" fullname="Mirror.Weaver.Tests.WeaverTargetRpcTests.TargetRpcCanSkipNetworkConnection" methodname="TargetRpcCanSkipNetworkConnection" classname="Mirror.Weaver.Tests.WeaverTargetRpcTests" runstate="Runnable" seed="409882330" result="Passed" start-time="2020-06-13 18:30:53Z" end-time="2020-06-13 18:30:53Z" duration="0.339012" asserts="0">
                <properties />
              </test-case>
              <test-case id="2106" name="TargetRpcValid" fullname="Mirror.Weaver.Tests.WeaverTargetRpcTests.TargetRpcValid" methodname="TargetRpcValid" classname="Mirror.Weaver.Tests.WeaverTargetRpcTests" runstate="Runnable" seed="738515887" result="Passed" start-time="2020-06-13 18:30:53Z" end-time="2020-06-13 18:30:54Z" duration="0.342521" asserts="0">
                <properties />
              </test-case>
              <test-case id="2112" name="VirtualTargetRpc" fullname="Mirror.Weaver.Tests.WeaverTargetRpcTests.VirtualTargetRpc" methodname="VirtualTargetRpc" classname="Mirror.Weaver.Tests.WeaverTargetRpcTests" runstate="Runnable" seed="1603258571" result="Passed" start-time="2020-06-13 18:30:54Z" end-time="2020-06-13 18:30:54Z" duration="0.347538" asserts="0">
                <properties />
              </test-case>
            </test-suite>
          </test-suite>
        </test-suite>
      </test-suite>
      <test-suite type="TestSuite" id="2768" name="Telepathy" fullname="Telepathy" runstate="Runnable" testcasecount="17" result="Skipped" label="Ignored" start-time="2020-06-13 18:30:56Z" end-time="2020-06-13 18:30:56Z" duration="0.060840" total="17" passed="0" failed="0" inconclusive="0" skipped="17" asserts="0">
        <properties />
        <reason>
          <message><![CDATA[One or more child tests were ignored]]></message>
        </reason>
        <test-suite type="TestSuite" id="2769" name="Tests" fullname="Telepathy.Tests" runstate="Runnable" testcasecount="17" result="Skipped" label="Ignored" start-time="2020-06-13 18:30:56Z" end-time="2020-06-13 18:30:56Z" duration="0.031111" total="17" passed="0" failed="0" inconclusive="0" skipped="17" asserts="0">
          <properties />
          <reason>
            <message><![CDATA[One or more child tests were ignored]]></message>
          </reason>
          <test-suite type="TestFixture" id="1906" name="TransportTest" fullname="Telepathy.Tests.TransportTest" classname="Telepathy.Tests.TransportTest" runstate="Ignored" testcasecount="17" result="Skipped" label="Ignored" site="SetUp" start-time="2020-06-13 18:30:56Z" end-time="2020-06-13 18:30:56Z" duration="0.013058" total="17" passed="0" failed="0" inconclusive="0" skipped="17" asserts="0">
            <properties>
              <property name="Category" value="Telepathy" />
              <property name="_SKIPREASON" value="Telepathy tests are flaky" />
            </properties>
            <reason>
              <message><![CDATA[Telepathy tests are flaky]]></message>
            </reason>
            <test-case id="1919" name="AllocationAttackTest" fullname="Telepathy.Tests.TransportTest.AllocationAttackTest" methodname="AllocationAttackTest" classname="Telepathy.Tests.TransportTest" runstate="Runnable" seed="2004707619" result="Skipped" label="Ignored" site="Parent" start-time="0001-01-01 00:00:00Z" end-time="0001-01-01 00:00:00Z" duration="0.000000" asserts="0">
              <properties />
              <reason>
                <message><![CDATA[OneTimeSetUp: Telepathy tests are flaky]]></message>
              </reason>
            </test-case>
            <test-case id="1913" name="ClientKickedCleanupTest" fullname="Telepathy.Tests.TransportTest.ClientKickedCleanupTest" methodname="ClientKickedCleanupTest" classname="Telepathy.Tests.TransportTest" runstate="Runnable" seed="1163705039" result="Skipped" label="Ignored" site="Parent" start-time="0001-01-01 00:00:00Z" end-time="0001-01-01 00:00:00Z" duration="0.000000" asserts="0">
              <properties />
              <reason>
                <message><![CDATA[OneTimeSetUp: Telepathy tests are flaky]]></message>
              </reason>
            </test-case>
            <test-case id="1911" name="ClientTest" fullname="Telepathy.Tests.TransportTest.ClientTest" methodname="ClientTest" classname="Telepathy.Tests.TransportTest" runstate="Runnable" seed="819742785" result="Skipped" label="Ignored" site="Parent" start-time="0001-01-01 00:00:00Z" end-time="0001-01-01 00:00:00Z" duration="0.000000" asserts="0">
              <properties />
              <reason>
                <message><![CDATA[OneTimeSetUp: Telepathy tests are flaky]]></message>
              </reason>
            </test-case>
            <test-case id="1916" name="ConnectIPv4Test" fullname="Telepathy.Tests.TransportTest.ConnectIPv4Test" methodname="ConnectIPv4Test" classname="Telepathy.Tests.TransportTest" runstate="Runnable" seed="1372814284" result="Skipped" label="Ignored" site="Parent" start-time="0001-01-01 00:00:00Z" end-time="0001-01-01 00:00:00Z" duration="0.000000" asserts="0">
              <properties />
              <reason>
                <message><![CDATA[OneTimeSetUp: Telepathy tests are flaky]]></message>
              </reason>
            </test-case>
            <test-case id="1917" name="ConnectIPv6Test" fullname="Telepathy.Tests.TransportTest.ConnectIPv6Test" methodname="ConnectIPv6Test" classname="Telepathy.Tests.TransportTest" runstate="Runnable" seed="1857569740" result="Skipped" label="Ignored" site="Parent" start-time="0001-01-01 00:00:00Z" end-time="0001-01-01 00:00:00Z" duration="0.000000" asserts="0">
              <properties />
              <reason>
                <message><![CDATA[OneTimeSetUp: Telepathy tests are flaky]]></message>
              </reason>
            </test-case>
            <test-case id="1908" name="DisconnectImmediateTest" fullname="Telepathy.Tests.TransportTest.DisconnectImmediateTest" methodname="DisconnectImmediateTest" classname="Telepathy.Tests.TransportTest" runstate="Runnable" seed="2042441305" result="Skipped" label="Ignored" site="Parent" start-time="0001-01-01 00:00:00Z" end-time="0001-01-01 00:00:00Z" duration="0.000000" asserts="0">
              <properties />
              <reason>
                <message><![CDATA[OneTimeSetUp: Telepathy tests are flaky]]></message>
              </reason>
            </test-case>
            <test-case id="1914" name="GetConnectionInfoTest" fullname="Telepathy.Tests.TransportTest.GetConnectionInfoTest" methodname="GetConnectionInfoTest" classname="Telepathy.Tests.TransportTest" runstate="Runnable" seed="2114740686" result="Skipped" label="Ignored" site="Parent" start-time="0001-01-01 00:00:00Z" end-time="0001-01-01 00:00:00Z" duration="0.000000" asserts="0">
              <properties />
              <reason>
                <message><![CDATA[OneTimeSetUp: Telepathy tests are flaky]]></message>
              </reason>
            </test-case>
            <test-case id="1923" name="IntToBytesBigNonAllocTest" fullname="Telepathy.Tests.TransportTest.IntToBytesBigNonAllocTest" methodname="IntToBytesBigNonAllocTest" classname="Telepathy.Tests.TransportTest" runstate="Runnable" seed="578055940" result="Skipped" label="Ignored" site="Parent" start-time="0001-01-01 00:00:00Z" end-time="0001-01-01 00:00:00Z" duration="0.000000" asserts="0">
              <properties />
              <reason>
                <message><![CDATA[OneTimeSetUp: Telepathy tests are flaky]]></message>
              </reason>
            </test-case>
            <test-case id="1922" name="IntToBytesBigTest" fullname="Telepathy.Tests.TransportTest.IntToBytesBigTest" methodname="IntToBytesBigTest" classname="Telepathy.Tests.TransportTest" runstate="Runnable" seed="1972451839" result="Skipped" label="Ignored" site="Parent" start-time="0001-01-01 00:00:00Z" end-time="0001-01-01 00:00:00Z" duration="0.000000" asserts="0">
              <properties />
              <reason>
                <message><![CDATA[OneTimeSetUp: Telepathy tests are flaky]]></message>
              </reason>
            </test-case>
            <test-case id="1918" name="LargeMessageTest" fullname="Telepathy.Tests.TransportTest.LargeMessageTest" methodname="LargeMessageTest" classname="Telepathy.Tests.TransportTest" runstate="Runnable" seed="1017606525" result="Skipped" label="Ignored" site="Parent" start-time="0001-01-01 00:00:00Z" end-time="0001-01-01 00:00:00Z" duration="0.000000" asserts="0">
              <properties />
              <reason>
                <message><![CDATA[OneTimeSetUp: Telepathy tests are flaky]]></message>
              </reason>
            </test-case>
            <test-case id="1907" name="NextConnectionIdTest" fullname="Telepathy.Tests.TransportTest.NextConnectionIdTest" methodname="NextConnectionIdTest" classname="Telepathy.Tests.TransportTest" runstate="Runnable" seed="2097549740" result="Skipped" label="Ignored" site="Parent" start-time="0001-01-01 00:00:00Z" end-time="0001-01-01 00:00:00Z" duration="0.000000" asserts="0">
              <properties />
              <reason>
                <message><![CDATA[OneTimeSetUp: Telepathy tests are flaky]]></message>
              </reason>
            </test-case>
            <test-case id="1915" name="ParseLocalHostTest" fullname="Telepathy.Tests.TransportTest.ParseLocalHostTest" methodname="ParseLocalHostTest" classname="Telepathy.Tests.TransportTest" runstate="Runnable" seed="874299488" result="Skipped" label="Ignored" site="Parent" start-time="0001-01-01 00:00:00Z" end-time="0001-01-01 00:00:00Z" duration="0.000000" asserts="0">
              <properties />
              <reason>
                <message><![CDATA[OneTimeSetUp: Telepathy tests are flaky]]></message>
              </reason>
            </test-case>
            <test-case id="1912" name="ServerDisconnectClientTest" fullname="Telepathy.Tests.TransportTest.ServerDisconnectClientTest" methodname="ServerDisconnectClientTest" classname="Telepathy.Tests.TransportTest" runstate="Runnable" seed="267408487" result="Skipped" label="Ignored" site="Parent" start-time="0001-01-01 00:00:00Z" end-time="0001-01-01 00:00:00Z" duration="0.000000" asserts="0">
              <properties />
              <reason>
                <message><![CDATA[OneTimeSetUp: Telepathy tests are flaky]]></message>
              </reason>
            </test-case>
            <test-case id="1921" name="ServerStartStopRepeatedTest" fullname="Telepathy.Tests.TransportTest.ServerStartStopRepeatedTest" methodname="ServerStartStopRepeatedTest" classname="Telepathy.Tests.TransportTest" runstate="Runnable" seed="1977623115" result="Skipped" label="Ignored" site="Parent" start-time="0001-01-01 00:00:00Z" end-time="0001-01-01 00:00:00Z" duration="0.000000" asserts="0">
              <properties />
              <reason>
                <message><![CDATA[OneTimeSetUp: Telepathy tests are flaky]]></message>
              </reason>
            </test-case>
            <test-case id="1920" name="ServerStartStopTest" fullname="Telepathy.Tests.TransportTest.ServerStartStopTest" methodname="ServerStartStopTest" classname="Telepathy.Tests.TransportTest" runstate="Runnable" seed="1177694717" result="Skipped" label="Ignored" site="Parent" start-time="0001-01-01 00:00:00Z" end-time="0001-01-01 00:00:00Z" duration="0.000000" asserts="0">
              <properties />
              <reason>
                <message><![CDATA[OneTimeSetUp: Telepathy tests are flaky]]></message>
              </reason>
            </test-case>
            <test-case id="1910" name="ServerTest" fullname="Telepathy.Tests.TransportTest.ServerTest" methodname="ServerTest" classname="Telepathy.Tests.TransportTest" runstate="Runnable" seed="1549155141" result="Skipped" label="Ignored" site="Parent" start-time="0001-01-01 00:00:00Z" end-time="0001-01-01 00:00:00Z" duration="0.000000" asserts="0">
              <properties />
              <reason>
                <message><![CDATA[OneTimeSetUp: Telepathy tests are flaky]]></message>
              </reason>
            </test-case>
            <test-case id="1909" name="SpamSendTest" fullname="Telepathy.Tests.TransportTest.SpamSendTest" methodname="SpamSendTest" classname="Telepathy.Tests.TransportTest" runstate="Runnable" seed="1147737153" result="Skipped" label="Ignored" site="Parent" start-time="0001-01-01 00:00:00Z" end-time="0001-01-01 00:00:00Z" duration="0.000000" asserts="0">
              <properties />
              <reason>
                <message><![CDATA[OneTimeSetUp: Telepathy tests are flaky]]></message>
              </reason>
            </test-case>
          </test-suite>
        </test-suite>
      </test-suite>
    </test-suite>
  </test-suite>
</test-run>