<?xml version="1.0" encoding="utf-8"?>
<test-run id="2" testcasecount="5" result="Failed(Child)" total="5" passed="2" failed="3" inconclusive="0" skipped="0" asserts="0" engine-version="3.5.0.0" clr-version="4.0.30319.42000" start-time="2020-02-15 16:38:27Z" end-time="2020-02-15 16:38:27Z" duration="0.2342601">
  <test-suite type="TestSuite" id="1000" name="sample-project" fullname="sample-project" runstate="Runnable" testcasecount="5" result="Failed" site="Child" start-time="2020-02-15 16:38:27Z" end-time="2020-02-15 16:38:27Z" duration="0.234260" total="5" passed="2" failed="3" inconclusive="0" skipped="0" asserts="0">
    <properties />
    <failure>
      <message><![CDATA[One or more child tests had errors]]></message>
    </failure>
    <test-suite type="Assembly" id="1007" name="EditModeTests.dll" fullname="/github/workspace/unity-project-with-correct-tests/Library/ScriptAssemblies/EditModeTests.dll" runstate="Runnable" testcasecount="5" result="Failed" site="Child" start-time="2020-02-15 16:38:27Z" end-time="2020-02-15 16:38:27Z" duration="0.123650" total="5" passed="2" failed="3" inconclusive="0" skipped="0" asserts="0">
      <properties>
        <property name="_PID" value="54" />
        <property name="_APPDOMAIN" value="Unity Child Domain" />
      </properties>
      <failure>
        <message><![CDATA[One or more child tests had errors]]></message>
      </failure>
      <test-suite type="TestSuite" id="1008" name="Tests" fullname="Tests" runstate="Runnable" testcasecount="5" result="Failed" site="Child" start-time="2020-02-15 16:38:27Z" end-time="2020-02-15 16:38:27Z" duration="0.102421" total="5" passed="2" failed="3" inconclusive="0" skipped="0" asserts="0">
        <properties />
        <failure>
          <message><![CDATA[One or more child tests had errors]]></message>
        </failure>
        <test-suite type="TestFixture" id="1001" name="SampleEditModeTest" fullname="Tests.SampleEditModeTest" classname="Tests.SampleEditModeTest" runstate="Runnable" testcasecount="5" result="Failed" site="Child" start-time="2020-02-15 16:38:27Z" end-time="2020-02-15 16:38:27Z" duration="0.083001" total="5" passed="2" failed="3" inconclusive="0" skipped="0" asserts="0">
          <properties />
          <failure>
            <message><![CDATA[One or more child tests had errors]]></message>
          </failure>
          <test-case id="1006" name="TestAssert" fullname="Tests.SampleEditModeTest.TestAssert" methodname="TestAssert" classname="Tests.SampleEditModeTest" runstate="Runnable" seed="219827865" result="Failed" start-time="2020-02-15 16:38:27Z" end-time="2020-02-15 16:38:27Z" duration="0.029935" asserts="0">
            <properties />
            <failure>
              <message><![CDATA[  Expected: False
  But was:  True
]]></message>
              <stack-trace><![CDATA[at Tests.SampleEditModeTest.TestAssert () [0x00001] in /github/workspace/unity-project-with-correct-tests/Assets/Tests/EditMode/SampleEditModeTest.cs:53
]]></stack-trace>
            </failure>
          </test-case>
          <test-case id="1005" name="TestError" fullname="Tests.SampleEditModeTest.TestError" methodname="TestError" classname="Tests.SampleEditModeTest" runstate="Runnable" seed="478754142" result="Failed" start-time="2020-02-15 16:38:27Z" end-time="2020-02-15 16:38:27Z" duration="0.005053" asserts="0">
            <properties />
            <failure>
              <message><![CDATA[Unhandled log message: '[Error] Bad error happend!'. Use UnityEngine.TestTools.LogAssert.Expect]]></message>
              <stack-trace><![CDATA[Tests.SampleEditModeTest:TestError() (at Assets/Tests/EditMode/SampleEditModeTest.cs:47)
System.Reflection.MethodBase:Invoke(Object, Object[])
NUnit.Framework.Internal.Reflect:InvokeMethod(MethodInfo, Object, Object[])
NUnit.Framework.Internal.MethodWrapper:Invoke(Object, Object[])
NUnit.Framework.Internal.Commands.TestMethodCommand:RunNonAsyncTestMethod(ITestExecutionContext)
NUnit.Framework.Internal.Commands.TestMethodCommand:RunTestMethod(ITestExecutionContext)
NUnit.Framework.Internal.Commands.TestMethodCommand:Execute(ITestExecutionContext)
UnityEditor.EditorApplication:Internal_CallUpdateFunctions() (at /home/builduser/buildslave/unity/build/Editor/Mono/EditorApplication.cs:303)

]]></stack-trace>
            </failure>
            <output><![CDATA[Bad error happend!
]]></output>
          </test-case>
          <test-case id="1004" name="TestException" fullname="Tests.SampleEditModeTest.TestException" methodname="TestException" classname="Tests.SampleEditModeTest" runstate="Runnable" seed="1420551448" result="Failed" label="Error" start-time="2020-02-15 16:38:27Z" end-time="2020-02-15 16:38:27Z" duration="0.001896" asserts="0">
            <properties />
            <failure>
              <message><![CDATA[System.Exception : Exception was thrown!]]></message>
              <stack-trace><![CDATA[  at Tests.SampleEditModeTest.TestException () [0x00001] in /github/workspace/unity-project-with-correct-tests/Assets/Tests/EditMode/SampleEditModeTest.cs:41 
  at (wrapper managed-to-native) System.Reflection.MonoMethod.InternalInvoke(System.Reflection.MonoMethod,object,object[],System.Exception&)
  at System.Reflection.MonoMethod.Invoke (System.Object obj, System.Reflection.BindingFlags invokeAttr, System.Reflection.Binder binder, System.Object[] parameters, System.Globalization.CultureInfo culture) [0x00032] in <567df3e0919241ba98db88bec4c6696f>:0 ]]></stack-trace>
            </failure>
          </test-case>
          <test-case id="1002" name="TestIncrement" fullname="Tests.SampleEditModeTest.TestIncrement" methodname="TestIncrement" classname="Tests.SampleEditModeTest" runstate="Runnable" seed="608002440" result="Passed" start-time="2020-02-15 16:38:27Z" end-time="2020-02-15 16:38:27Z" duration="0.006056" asserts="0">
            <properties />
          </test-case>
          <test-case id="1003" name="TestMaxCount" fullname="Tests.SampleEditModeTest.TestMaxCount" methodname="TestMaxCount" classname="Tests.SampleEditModeTest" runstate="Runnable" seed="123620596" result="Passed" start-time="2020-02-15 16:38:27Z" end-time="2020-02-15 16:38:27Z" duration="0.000299" asserts="0">
            <properties />
          </test-case>
        </test-suite>
      </test-suite>
    </test-suite>
  </test-suite>
</test-run>